number,value,datetime_start,datetime_complete,duration,params_max_stop_pct,params_risk_dollars,params_tp1_pct,params_tp1_r,params_tp2_pct,params_tp2_r,state
0,-0.111582202982226,2026-02-07 20:06:11.437955,2026-02-07 20:06:18.092301,0 days 00:00:06.654346,0.06,200.0,0.5,1.25,0.3,3.5,COMPLETE
1,-0.0813690379049919,2026-02-07 20:06:18.093476,2026-02-07 20:06:18.274175,0 days 00:00:00.180699,0.05,250.0,0.5,1.75,0.3,4.0,COMPLETE
2,-999.0,2026-02-07 20:06:18.275516,2026-02-07 20:06:18.276054,0 days 00:00:00.000538,,,0.5,1.25,0.4,3.0,COMPLETE
3,-999.0,2026-02-07 20:06:18.277215,2026-02-07 20:06:18.278108,0 days 00:00:00.000893,,,0.4,1.75,0.5,4.0,COMPLETE
4,-999.0,2026-02-07 20:06:18.280432,2026-02-07 20:06:18.281236,0 days 00:00:00.000804,,,0.5,1.5,0.5,3.0,COMPLETE
5,-0.11040654781073016,2026-02-07 20:06:18.282269,2026-02-07 20:06:18.476199,0 days 00:00:00.193930,0.04,250.0,0.4,1.75,0.3,2.5,COMPLETE
6,-999.0,2026-02-07 20:06:18.477466,2026-02-07 20:06:18.477976,0 days 00:00:00.000510,,,0.4,1.25,0.5,3.5,COMPLETE
7,-999.0,2026-02-07 20:06:18.478917,2026-02-07 20:06:18.479399,0 days 00:00:00.000482,,,0.5,1.25,0.4,4.0,COMPLETE
8,-0.08356960316304876,2026-02-07 20:06:18.480199,2026-02-07 20:06:18.653736,0 days 00:00:00.173537,0.05,250.0,0.3,1.25,0.4,2.5,COMPLETE
9,-999.0,2026-02-07 20:06:18.654936,2026-02-07 20:06:18.655466,0 days 00:00:00.000530,,,0.5,1.5,0.4,3.5,COMPLETE
10,-0.07794897370447472,2026-02-07 20:06:18.656340,2026-02-07 20:06:18.845125,0 days 00:00:00.188785,0.05,150.0,0.3,1.0,0.3,4.0,COMPLETE
11,-0.07794897370447472,2026-02-07 20:06:18.846196,2026-02-07 20:06:19.050407,0 days 00:00:00.204211,0.05,150.0,0.3,1.0,0.3,4.0,COMPLETE
12,-0.07794897370447472,2026-02-07 20:06:19.051243,2026-02-07 20:06:19.230311,0 days 00:00:00.179068,0.05,150.0,0.3,1.0,0.3,4.0,COMPLETE
13,-0.07794897370447472,2026-02-07 20:06:19.231900,2026-02-07 20:06:19.423253,0 days 00:00:00.191353,0.07,150.0,0.3,1.0,0.3,4.0,COMPLETE
14,-0.04015216954969527,2026-02-07 20:06:19.424217,2026-02-07 20:06:19.589592,0 days 00:00:00.165375,0.05,150.0,0.3,2.0,0.3,4.0,COMPLETE
15,-0.04015216954969527,2026-02-07 20:06:19.590808,2026-02-07 20:06:19.767872,0 days 00:00:00.177064,0.05,150.0,0.3,2.0,0.3,4.0,COMPLETE
16,-0.04015216954969527,2026-02-07 20:06:19.768840,2026-02-07 20:06:19.942730,0 days 00:00:00.173890,0.04,150.0,0.3,2.0,0.3,4.0,COMPLETE
17,-0.07816334056895168,2026-02-07 20:06:19.943780,2026-02-07 20:06:20.121599,0 days 00:00:00.177819,0.07,150.0,0.3,2.0,0.3,3.0,COMPLETE
18,-0.0722026149762886,2026-02-07 20:06:20.122795,2026-02-07 20:06:20.340611,0 days 00:00:00.217816,0.06,200.0,0.3,2.0,0.3,2.5,COMPLETE
19,-0.02687970612453644,2026-02-07 20:06:20.341842,2026-02-07 20:06:20.549223,0 days 00:00:00.207381,0.05,150.0,0.3,2.0,0.5,4.0,COMPLETE
20,-0.02687970612453644,2026-02-07 20:06:20.550236,2026-02-07 20:06:20.779603,0 days 00:00:00.229367,0.05,150.0,0.3,2.0,0.5,4.0,COMPLETE
21,-0.02687970612453644,2026-02-07 20:06:20.780631,2026-02-07 20:06:20.984164,0 days 00:00:00.203533,0.05,150.0,0.3,2.0,0.5,4.0,COMPLETE
22,-0.02687970612453644,2026-02-07 20:06:20.985219,2026-02-07 20:06:21.184943,0 days 00:00:00.199724,0.05,150.0,0.3,2.0,0.5,4.0,COMPLETE
23,-0.02687970612453644,2026-02-07 20:06:21.185876,2026-02-07 20:06:21.423050,0 days 00:00:00.237174,0.05,150.0,0.3,2.0,0.5,4.0,COMPLETE
24,-0.012434102975853826,2026-02-07 20:06:21.424001,2026-02-07 20:06:21.653268,0 days 00:00:00.229267,0.05,200.0,0.3,2.0,0.5,4.0,COMPLETE
25,-999.0,2026-02-07 20:06:21.654177,2026-02-07 20:06:21.656780,0 days 00:00:00.002603,,,0.4,2.0,0.5,4.0,COMPLETE
26,-0.08317765425314556,2026-02-07 20:06:21.657680,2026-02-07 20:06:21.856806,0 days 00:00:00.199126,0.04,200.0,0.3,2.0,0.5,3.0,COMPLETE
27,-0.09667939008973814,2026-02-07 20:06:21.857677,2026-02-07 20:06:22.071611,0 days 00:00:00.213934,0.07,200.0,0.3,2.0,0.5,2.5,COMPLETE
28,-0.12026716086962755,2026-02-07 20:06:22.072532,2026-02-07 20:06:22.238780,0 days 00:00:00.166248,0.05,200.0,0.3,1.5,0.5,3.5,COMPLETE
29,-999.0,2026-02-07 20:06:22.239854,2026-02-07 20:06:22.243230,0 days 00:00:00.003376,,,0.4,2.0,0.5,3.5,COMPLETE
30,-0.012434102975853826,2026-02-07 20:06:22.244257,2026-02-07 20:06:22.418276,0 days 00:00:00.174019,0.06,200.0,0.3,2.0,0.5,4.0,COMPLETE
31,-0.012434102975853826,2026-02-07 20:06:22.419270,2026-02-07 20:06:22.588241,0 days 00:00:00.168971,0.06,200.0,0.3,2.0,0.5,4.0,COMPLETE
32,-0.012434102975853826,2026-02-07 20:06:22.589354,2026-02-07 20:06:22.772020,0 days 00:00:00.182666,0.06,200.0,0.3,2.0,0.5,4.0,COMPLETE
33,-0.047147680189215904,2026-02-07 20:06:22.773084,2026-02-07 20:06:22.949513,0 days 00:00:00.176429,0.06,200.0,0.3,1.75,0.5,4.0,COMPLETE
34,-0.012434102975853826,2026-02-07 20:06:22.950540,2026-02-07 20:06:23.126077,0 days 00:00:00.175537,0.06,200.0,0.3,2.0,0.5,4.0,COMPLETE
35,-999.0,2026-02-07 20:06:23.127133,2026-02-07 20:06:23.131020,0 days 00:00:00.003887,,,0.5,2.0,0.5,4.0,COMPLETE
36,-0.12277457803978722,2026-02-07 20:06:23.132250,2026-02-07 20:06:23.284431,0 days 00:00:00.152181,0.06,200.0,0.3,1.75,0.5,3.0,COMPLETE
37,-999.0,2026-02-07 20:06:23.285393,2026-02-07 20:06:23.288102,0 days 00:00:00.002709,,,0.4,1.5,0.5,4.0,COMPLETE
38,-999.0,2026-02-07 20:06:23.289195,2026-02-07 20:06:23.292151,0 days 00:00:00.002956,,,0.5,2.0,0.4,4.0,COMPLETE
39,-0.11959690771078633,2026-02-07 20:06:23.292957,2026-02-07 20:06:23.473657,0 days 00:00:00.180700,0.06,200.0,0.3,1.25,0.5,2.5,COMPLETE
40,-999.0,2026-02-07 20:06:23.474742,2026-02-07 20:06:23.478337,0 days 00:00:00.003595,,,0.5,1.75,0.5,3.5,COMPLETE
41,-0.012434102975853826,2026-02-07 20:06:23.479400,2026-02-07 20:06:23.670496,0 days 00:00:00.191096,0.06,200.0,0.3,2.0,0.5,4.0,COMPLETE
42,-0.012434102975853826,2026-02-07 20:06:23.671468,2026-02-07 20:06:23.855748,0 days 00:00:00.184280,0.06,200.0,0.3,2.0,0.5,4.0,COMPLETE
43,-0.012434102975853826,2026-02-07 20:06:23.856798,2026-02-07 20:06:24.054826,0 days 00:00:00.198028,0.06,200.0,0.3,2.0,0.5,4.0,COMPLETE
44,-0.02049490683232864,2026-02-07 20:06:24.055818,2026-02-07 20:06:24.241312,0 days 00:00:00.185494,0.06,200.0,0.3,2.0,0.4,4.0,COMPLETE
45,-999.0,2026-02-07 20:06:24.242234,2026-02-07 20:06:24.245287,0 days 00:00:00.003053,,,0.4,1.25,0.5,4.0,COMPLETE
46,-0.13593628702427685,2026-02-07 20:06:24.246139,2026-02-07 20:06:24.470323,0 days 00:00:00.224184,0.06,200.0,0.3,1.5,0.5,3.0,COMPLETE
47,-0.056856128359792535,2026-02-07 20:06:24.471886,2026-02-07 20:06:24.687905,0 days 00:00:00.216019,0.06,200.0,0.3,1.0,0.4,4.0,COMPLETE
48,0.0026515324268387144,2026-02-07 20:06:24.688850,2026-02-07 20:06:24.892461,0 days 00:00:00.203611,0.06,250.0,0.3,2.0,0.5,4.0,COMPLETE
49,-999.0,2026-02-07 20:06:24.893469,2026-02-07 20:06:24.897550,0 days 00:00:00.004081,,,0.5,2.0,0.5,4.0,COMPLETE
50,-0.10033816356473778,2026-02-07 20:06:24.898728,2026-02-07 20:06:25.113910,0 days 00:00:00.215182,0.06,250.0,0.3,1.25,0.5,2.5,COMPLETE
51,0.0026515324268387144,2026-02-07 20:06:25.114792,2026-02-07 20:06:25.314532,0 days 00:00:00.199740,0.06,250.0,0.3,2.0,0.5,4.0,COMPLETE
52,0.0026515324268387144,2026-02-07 20:06:25.315494,2026-02-07 20:06:25.483679,0 days 00:00:00.168185,0.06,250.0,0.3,2.0,0.5,4.0,COMPLETE
53,0.0026515324268387144,2026-02-07 20:06:25.484660,2026-02-07 20:06:25.640982,0 days 00:00:00.156322,0.06,250.0,0.3,2.0,0.5,4.0,COMPLETE
54,0.0026515324268387144,2026-02-07 20:06:25.642016,2026-02-07 20:06:25.803088,0 days 00:00:00.161072,0.06,250.0,0.3,2.0,0.5,4.0,COMPLETE
55,-0.031242710060003103,2026-02-07 20:06:25.803976,2026-02-07 20:06:25.957476,0 days 00:00:00.153500,0.06,250.0,0.3,1.0,0.5,4.0,COMPLETE
56,-0.0037951123359998024,2026-02-07 20:06:25.958452,2026-02-07 20:06:26.123151,0 days 00:00:00.164699,0.04,250.0,0.3,2.0,0.4,4.0,COMPLETE
57,-0.04657311887299771,2026-02-07 20:06:26.124130,2026-02-07 20:06:26.276341,0 days 00:00:00.152211,0.04,250.0,0.3,2.0,0.4,3.5,COMPLETE
58,-0.0037951123359998024,2026-02-07 20:06:26.277498,2026-02-07 20:06:26.446859,0 days 00:00:00.169361,0.04,250.0,0.3,2.0,0.4,4.0,COMPLETE
59,-0.010821926062146651,2026-02-07 20:06:26.447797,2026-02-07 20:06:26.607701,0 days 00:00:00.159904,0.04,250.0,0.4,2.0,0.4,4.0,COMPLETE
60,-0.08908345293346655,2026-02-07 20:06:26.608604,2026-02-07 20:06:26.760604,0 days 00:00:00.152000,0.04,250.0,0.3,1.75,0.4,3.0,COMPLETE
61,-0.0037951123359998024,2026-02-07 20:06:26.761628,2026-02-07 20:06:26.921155,0 days 00:00:00.159527,0.04,250.0,0.3,2.0,0.4,4.0,COMPLETE
62,-0.0037951123359998024,2026-02-07 20:06:26.921988,2026-02-07 20:06:27.088017,0 days 00:00:00.166029,0.04,250.0,0.3,2.0,0.4,4.0,COMPLETE
63,-0.0037951123359998024,2026-02-07 20:06:27.089035,2026-02-07 20:06:27.259194,0 days 00:00:00.170159,0.04,250.0,0.3,2.0,0.4,4.0,COMPLETE
64,-0.0037951123359998024,2026-02-07 20:06:27.260016,2026-02-07 20:06:27.438451,0 days 00:00:00.178435,0.07,250.0,0.3,2.0,0.4,4.0,COMPLETE
65,-0.0037951123359998024,2026-02-07 20:06:27.439471,2026-02-07 20:06:27.601938,0 days 00:00:00.162467,0.06,250.0,0.3,2.0,0.4,4.0,COMPLETE
66,-0.0037951123359998024,2026-02-07 20:06:27.602940,2026-02-07 20:06:27.754917,0 days 00:00:00.151977,0.04,250.0,0.3,2.0,0.4,4.0,COMPLETE
67,-0.09549055731272664,2026-02-07 20:06:27.755770,2026-02-07 20:06:27.931356,0 days 00:00:00.175586,0.06,250.0,0.3,1.5,0.3,2.5,COMPLETE
68,-0.0037951123359998024,2026-02-07 20:06:27.932227,2026-02-07 20:06:28.113399,0 days 00:00:00.181172,0.04,250.0,0.3,2.0,0.4,4.0,COMPLETE
69,-0.031242710060003103,2026-02-07 20:06:28.114285,2026-02-07 20:06:28.293762,0 days 00:00:00.179477,0.06,250.0,0.3,1.0,0.5,4.0,COMPLETE
70,-999.0,2026-02-07 20:06:28.295105,2026-02-07 20:06:28.298330,0 days 00:00:00.003225,,,0.5,2.0,0.5,4.0,COMPLETE
71,-0.0037951123359998024,2026-02-07 20:06:28.299131,2026-02-07 20:06:28.490054,0 days 00:00:00.190923,0.04,250.0,0.3,2.0,0.4,4.0,COMPLETE
72,-0.0037951123359998024,2026-02-07 20:06:28.491048,2026-02-07 20:06:28.682872,0 days 00:00:00.191824,0.04,250.0,0.3,2.0,0.4,4.0,COMPLETE
73,-0.0037951123359998024,2026-02-07 20:06:28.683645,2026-02-07 20:06:28.845060,0 days 00:00:00.161415,0.04,250.0,0.3,2.0,0.4,4.0,COMPLETE
74,-0.0037951123359998024,2026-02-07 20:06:28.845905,2026-02-07 20:06:29.047033,0 days 00:00:00.201128,0.07,250.0,0.3,2.0,0.4,4.0,COMPLETE
75,-0.009443001268842049,2026-02-07 20:06:29.048170,2026-02-07 20:06:29.208910,0 days 00:00:00.160740,0.04,250.0,0.3,2.0,0.3,4.0,COMPLETE
76,-0.04657311887299771,2026-02-07 20:06:29.210032,2026-02-07 20:06:29.958315,0 days 00:00:00.748283,0.06,250.0,0.3,2.0,0.4,3.5,COMPLETE
77,0.0026515324268387144,2026-02-07 20:06:29.959284,2026-02-07 20:06:30.068339,0 days 00:00:00.109055,0.04,250.0,0.3,2.0,0.5,4.0,COMPLETE
78,-999.0,2026-02-07 20:06:30.069292,2026-02-07 20:06:30.072729,0 days 00:00:00.003437,,,0.4,1.25,0.5,4.0,COMPLETE
79,-0.06696347514745103,2026-02-07 20:06:30.074101,2026-02-07 20:06:30.187189,0 days 00:00:00.113088,0.06,250.0,0.3,2.0,0.5,3.0,COMPLETE
80,0.0026515324268387144,2026-02-07 20:06:30.188689,2026-02-07 20:06:30.328703,0 days 00:00:00.140014,0.06,250.0,0.3,2.0,0.5,4.0,COMPLETE
81,0.0026515324268387144,2026-02-07 20:06:30.329955,2026-02-07 20:06:30.497382,0 days 00:00:00.167427,0.06,250.0,0.3,2.0,0.5,4.0,COMPLETE
82,0.0026515324268387144,2026-02-07 20:06:30.505017,2026-02-07 20:06:30.651974,0 days 00:00:00.146957,0.06,250.0,0.3,2.0,0.5,4.0,COMPLETE
83,0.0026515324268387144,2026-02-07 20:06:30.653098,2026-02-07 20:06:30.768142,0 days 00:00:00.115044,0.06,250.0,0.3,2.0,0.5,4.0,COMPLETE
84,0.0026515324268387144,2026-02-07 20:06:30.769076,2026-02-07 20:06:30.892170,0 days 00:00:00.123094,0.06,250.0,0.3,2.0,0.5,4.0,COMPLETE
85,0.0026515324268387144,2026-02-07 20:06:30.893353,2026-02-07 20:06:35.123852,0 days 00:00:04.230499,0.06,250.0,0.3,2.0,0.5,4.0,COMPLETE
86,-0.027977449798795077,2026-02-07 20:06:35.131085,2026-02-07 20:06:38.643452,0 days 00:00:03.512367,0.06,250.0,0.3,1.75,0.5,4.0,COMPLETE
87,-0.038962472745208795,2026-02-07 20:06:38.659193,2026-02-07 20:06:58.381940,0 days 00:00:19.722747,0.06,250.0,0.3,1.5,0.5,4.0,COMPLETE
88,-999.0,2026-02-07 20:06:58.398871,2026-02-07 20:06:58.891574,0 days 00:00:00.492703,,,0.5,2.0,0.5,2.5,COMPLETE
89,0.0026515324268387144,2026-02-07 20:06:58.912915,2026-02-07 20:07:08.298185,0 days 00:00:09.385270,0.06,250.0,0.3,2.0,0.5,4.0,COMPLETE
90,-0.053784748511314186,2026-02-07 20:07:08.329320,2026-02-07 20:09:32.549222,0 days 00:02:24.219902,0.06,250.0,0.3,2.0,0.5,3.5,COMPLETE
91,0.0026515324268387144,2026-02-07 20:09:32.563328,2026-02-07 20:09:33.329134,0 days 00:00:00.765806,0.06,250.0,0.3,2.0,0.5,4.0,COMPLETE
92,0.0026515324268387144,2026-02-07 20:09:33.330820,2026-02-07 20:09:33.823238,0 days 00:00:00.492418,0.06,250.0,0.3,2.0,0.5,4.0,COMPLETE
93,0.0026515324268387144,2026-02-07 20:09:33.825863,2026-02-07 20:09:34.328012,0 days 00:00:00.502149,0.06,250.0,0.3,2.0,0.5,4.0,COMPLETE
94,0.0026515324268387144,2026-02-07 20:09:34.329456,2026-02-07 20:09:34.806784,0 days 00:00:00.477328,0.06,250.0,0.3,2.0,0.5,4.0,COMPLETE
95,-0.031242710060003103,2026-02-07 20:09:34.810111,2026-02-07 20:09:35.296338,0 days 00:00:00.486227,0.06,250.0,0.3,1.0,0.5,4.0,COMPLETE
96,-999.0,2026-02-07 20:09:35.299077,2026-02-07 20:09:35.309927,0 days 00:00:00.010850,,,0.4,2.0,0.5,4.0,COMPLETE
97,0.0026515324268387144,2026-02-07 20:09:35.311440,2026-02-07 20:09:35.773809,0 days 00:00:00.462369,0.06,250.0,0.3,2.0,0.5,4.0,COMPLETE
98,-0.06696347514745103,2026-02-07 20:09:35.776054,2026-02-07 20:09:36.221414,0 days 00:00:00.445360,0.06,250.0,0.3,2.0,0.5,3.0,COMPLETE
99,-0.04472598361082279,2026-02-07 20:09:36.224973,2026-02-07 20:09:36.746912,0 days 00:00:00.521939,0.06,150.0,0.3,1.25,0.5,4.0,COMPLETE
