number,value,datetime_start,datetime_complete,duration,params_max_consolidation_range,params_max_dist_sma20,params_max_stop_pct,params_max_vix,params_min_consolidation_days,params_min_dollar_volume,params_min_volume,params_require_bullish_spy,params_require_positive_rs,params_require_sma_trend,params_rvol_danger,params_rvol_warning,params_rvol_warning_size,state
0,-999.0,2026-01-15 23:02:11.102078,2026-01-15 23:02:14.548189,0 days 00:00:03.446111,25.0,20.0,0.08,50.0,5,2000000.0,150000,True,False,True,3.0,2.5,0.7,COMPLETE
1,-999.0,2026-01-15 23:02:14.550481,2026-01-15 23:02:18.325387,0 days 00:00:03.774906,25.0,25.0,0.08,40.0,10,5000000.0,100000,True,True,False,3.5,2.0,0.7,COMPLETE
2,0.6209852194527065,2026-01-15 23:02:18.327792,2026-01-15 23:02:19.631392,0 days 00:00:01.303600,25.0,20.0,0.07,50.0,10,2000000.0,150000,False,True,False,3.5,2.0,0.6,COMPLETE
3,0.647489302816789,2026-01-15 23:02:19.633555,2026-01-15 23:02:20.963501,0 days 00:00:01.329946,25.0,20.0,0.07,50.0,5,2000000.0,200000,False,True,False,3.5,2.0,0.6,COMPLETE
4,-999.0,2026-01-15 23:02:20.966446,2026-01-15 23:02:23.395738,0 days 00:00:02.429292,30.0,25.0,0.08,50.0,10,5000000.0,100000,False,False,True,3.0,2.0,0.7,COMPLETE
5,-999.0,2026-01-15 23:02:23.398616,2026-01-15 23:02:25.875291,0 days 00:00:02.476675,20.0,15.0,0.07,50.0,5,10000000.0,100000,False,False,True,3.5,2.5,0.6,COMPLETE
6,0.6221514233050545,2026-01-15 23:02:25.878265,2026-01-15 23:02:27.157749,0 days 00:00:01.279484,25.0,25.0,0.08,50.0,5,5000000.0,150000,False,True,False,3.5,2.0,0.7,COMPLETE
7,-999.0,2026-01-15 23:02:27.160505,2026-01-15 23:02:29.586854,0 days 00:00:02.426349,25.0,25.0,0.1,40.0,5,2000000.0,200000,True,False,False,4.0,2.5,0.6,COMPLETE
8,-999.0,2026-01-15 23:02:29.589594,2026-01-15 23:02:31.932276,0 days 00:00:02.342682,20.0,25.0,0.07,50.0,15,2000000.0,150000,False,False,True,3.5,2.0,0.6,COMPLETE
9,-999.0,2026-01-15 23:02:31.934934,2026-01-15 23:02:35.276751,0 days 00:00:03.341817,25.0,25.0,0.1,50.0,5,2000000.0,150000,True,False,True,4.0,2.0,0.6,COMPLETE
10,0.6968610898528868,2026-01-15 23:02:35.279226,2026-01-15 23:02:36.542474,0 days 00:00:01.263248,15.0,20.0,0.07,40.0,15,10000000.0,200000,False,True,False,3.0,2.5,0.6,COMPLETE
11,0.6968610898528868,2026-01-15 23:02:36.544991,2026-01-15 23:02:37.818710,0 days 00:00:01.273719,15.0,20.0,0.07,40.0,15,10000000.0,200000,False,True,False,3.0,2.5,0.6,COMPLETE
12,0.6968610898528868,2026-01-15 23:02:37.821400,2026-01-15 23:02:39.080329,0 days 00:00:01.258929,15.0,20.0,0.07,40.0,15,10000000.0,200000,False,True,False,3.0,2.5,0.6,COMPLETE
13,0.6968610898528868,2026-01-15 23:02:39.082708,2026-01-15 23:02:40.458006,0 days 00:00:01.375298,15.0,20.0,0.07,40.0,15,10000000.0,200000,False,True,False,3.0,2.5,0.6,COMPLETE
14,0.6968610898528868,2026-01-15 23:02:40.460191,2026-01-15 23:02:42.089048,0 days 00:00:01.628857,15.0,15.0,0.07,40.0,15,10000000.0,200000,False,True,False,3.0,2.5,0.6,COMPLETE
15,0.6968610898528868,2026-01-15 23:02:42.096448,2026-01-15 23:02:44.008770,0 days 00:00:01.912322,15.0,20.0,0.07,40.0,15,10000000.0,200000,False,True,False,3.0,2.5,0.6,COMPLETE
16,0.6241347924452335,2026-01-15 23:02:44.011504,2026-01-15 23:02:45.761154,0 days 00:00:01.749650,15.0,20.0,0.1,40.0,15,10000000.0,200000,False,True,False,3.0,2.5,0.6,COMPLETE
17,0.6528700385810613,2026-01-15 23:02:45.765754,2026-01-15 23:02:47.434964,0 days 00:00:01.669210,30.0,20.0,0.07,40.0,15,10000000.0,200000,False,True,False,3.0,2.5,0.6,COMPLETE
18,-999.0,2026-01-15 23:02:47.441793,2026-01-15 23:02:51.085104,0 days 00:00:03.643311,15.0,15.0,0.07,40.0,15,10000000.0,200000,True,True,False,4.0,2.5,0.7,COMPLETE
19,0.6241347924452335,2026-01-15 23:02:51.087584,2026-01-15 23:02:52.730420,0 days 00:00:01.642836,15.0,20.0,0.1,40.0,15,10000000.0,200000,False,True,False,3.0,2.5,0.6,COMPLETE
20,0.6789139698141506,2026-01-15 23:02:52.732731,2026-01-15 23:02:54.423076,0 days 00:00:01.690345,15.0,20.0,0.07,40.0,15,10000000.0,100000,False,True,False,3.0,2.5,0.6,COMPLETE
21,0.6968610898528868,2026-01-15 23:02:54.427659,2026-01-15 23:02:56.019194,0 days 00:00:01.591535,15.0,20.0,0.07,40.0,15,10000000.0,200000,False,True,False,3.0,2.5,0.6,COMPLETE
22,0.6968610898528868,2026-01-15 23:02:56.021548,2026-01-15 23:02:57.685002,0 days 00:00:01.663454,15.0,20.0,0.07,40.0,15,10000000.0,200000,False,True,False,3.0,2.5,0.6,COMPLETE
23,0.6968610898528868,2026-01-15 23:02:57.687244,2026-01-15 23:02:59.273300,0 days 00:00:01.586056,15.0,20.0,0.07,40.0,15,10000000.0,200000,False,True,False,3.0,2.5,0.6,COMPLETE
24,0.5891819977081331,2026-01-15 23:02:59.275366,2026-01-15 23:03:00.842150,0 days 00:00:01.566784,20.0,20.0,0.07,40.0,15,10000000.0,200000,False,True,False,3.0,2.5,0.6,COMPLETE
25,0.5869538950287888,2026-01-15 23:03:00.844473,2026-01-15 23:03:02.509458,0 days 00:00:01.664985,30.0,15.0,0.07,40.0,10,5000000.0,200000,False,True,False,4.0,2.5,0.6,COMPLETE
26,-999.0,2026-01-15 23:03:02.514772,2026-01-15 23:03:06.678967,0 days 00:00:04.164195,15.0,20.0,0.07,40.0,15,10000000.0,200000,True,True,True,3.0,2.5,0.7,COMPLETE
27,0.6968610898528868,2026-01-15 23:03:06.682323,2026-01-15 23:03:08.264264,0 days 00:00:01.581941,15.0,20.0,0.07,40.0,15,10000000.0,200000,False,True,False,3.0,2.5,0.6,COMPLETE
28,0.6423879000918545,2026-01-15 23:03:08.266501,2026-01-15 23:03:09.906239,0 days 00:00:01.639738,15.0,20.0,0.08,40.0,15,10000000.0,100000,False,True,False,3.0,2.5,0.6,COMPLETE
29,-999.0,2026-01-15 23:03:09.911657,2026-01-15 23:03:13.837959,0 days 00:00:03.926302,15.0,20.0,0.1,40.0,10,5000000.0,200000,True,False,True,3.0,2.5,0.7,COMPLETE
