number,value,datetime_start,datetime_complete,duration,params_max_exposure_pct,params_min_adr,params_min_rvol,params_risk_dollars,params_rvol_danger_size,params_signal_type,params_tp1_r,params_tp2_r,state
0,0.7885394728555148,2026-01-15 22:47:39.996453,2026-01-15 22:48:06.460653,0 days 00:00:26.464200,0.2,1.5,2.0,200,0.4,any,1.5,3.0,COMPLETE
1,0.7986878890521002,2026-01-15 22:48:06.494253,2026-01-15 22:48:11.852830,0 days 00:00:05.358577,0.25,1.0,2.0,150,0.4,any,1.5,3.0,COMPLETE
2,0.7907356057109445,2026-01-15 22:48:11.858452,2026-01-15 22:48:17.726904,0 days 00:00:05.868452,0.3,1.5,2.0,150,0.4,any,1.5,4.0,COMPLETE
3,0.8707113858438869,2026-01-15 22:48:17.729177,2026-01-15 22:48:21.727232,0 days 00:00:03.998055,0.3,1.5,1.5,200,0.4,any,1.5,4.0,COMPLETE
4,0.9835879024841216,2026-01-15 22:48:21.729526,2026-01-15 22:48:23.611249,0 days 00:00:01.881723,0.2,1.0,1.0,200,0.4,any,2.0,3.0,COMPLETE
5,0.7840884432796327,2026-01-15 22:48:23.613960,2026-01-15 22:48:27.198459,0 days 00:00:03.584499,0.25,1.5,2.0,200,0.4,any,1.5,4.0,COMPLETE
6,0.9804854610013007,2026-01-15 22:48:27.201706,2026-01-15 22:48:29.127493,0 days 00:00:01.925787,0.2,2.0,1.0,200,0.4,any,1.5,3.0,COMPLETE
7,0.7818725591436989,2026-01-15 22:48:29.131288,2026-01-15 22:48:30.996497,0 days 00:00:01.865209,0.2,1.0,2.0,200,0.3,any,1.5,4.0,COMPLETE
8,0.87887179336785,2026-01-15 22:48:30.999318,2026-01-15 22:48:33.900151,0 days 00:00:02.900833,0.25,2.0,1.5,200,0.3,any,1.5,4.0,COMPLETE
9,0.8745338336981157,2026-01-15 22:48:33.907727,2026-01-15 22:48:38.438746,0 days 00:00:04.531019,0.3,1.5,1.5,200,0.4,any,2.0,3.0,COMPLETE
10,0.9835879024841216,2026-01-15 22:48:38.441136,2026-01-15 22:48:42.537496,0 days 00:00:04.096360,0.2,1.0,1.0,150,0.3,any,2.0,3.0,COMPLETE
11,0.9835879024841216,2026-01-15 22:48:42.541198,2026-01-15 22:48:46.482433,0 days 00:00:03.941235,0.2,1.0,1.0,150,0.3,any,2.0,3.0,COMPLETE
12,0.9835879024841216,2026-01-15 22:48:46.484658,2026-01-15 22:48:50.750610,0 days 00:00:04.265952,0.2,1.0,1.0,150,0.3,any,2.0,3.0,COMPLETE
13,0.9835879024841216,2026-01-15 22:48:50.753233,2026-01-15 22:48:54.559696,0 days 00:00:03.806463,0.2,1.0,1.0,150,0.3,any,2.0,3.0,COMPLETE
14,0.9835879024841216,2026-01-15 22:48:54.562327,2026-01-15 22:48:58.621307,0 days 00:00:04.058980,0.2,1.0,1.0,150,0.3,any,2.0,3.0,COMPLETE
15,0.9835879024841216,2026-01-15 22:48:58.624449,2026-01-15 22:49:02.191223,0 days 00:00:03.566774,0.2,1.0,1.0,150,0.3,any,2.0,3.0,COMPLETE
16,0.9835879024841216,2026-01-15 22:49:02.193501,2026-01-15 22:49:06.210981,0 days 00:00:04.017480,0.2,1.0,1.0,200,0.4,any,2.0,3.0,COMPLETE
17,0.9822372540703169,2026-01-15 22:49:06.214081,2026-01-15 22:49:11.143641,0 days 00:00:04.929560,0.2,2.0,1.0,150,0.3,any,2.0,3.0,COMPLETE
18,0.9872455089405947,2026-01-15 22:49:11.146992,2026-01-15 22:49:14.539325,0 days 00:00:03.392333,0.25,1.0,1.0,150,0.4,any,2.0,3.0,COMPLETE
19,0.9872455089405947,2026-01-15 22:49:14.542014,2026-01-15 22:49:18.546092,0 days 00:00:04.004078,0.25,1.0,1.0,200,0.4,any,2.0,3.0,COMPLETE
20,0.8909377842884222,2026-01-15 22:49:18.549400,2026-01-15 22:49:22.180259,0 days 00:00:03.630859,0.25,2.0,1.5,150,0.4,any,2.0,3.0,COMPLETE
21,0.9872455089405947,2026-01-15 22:49:22.182638,2026-01-15 22:49:25.383652,0 days 00:00:03.201014,0.25,1.0,1.0,200,0.4,any,2.0,3.0,COMPLETE
22,0.9872455089405947,2026-01-15 22:49:25.385746,2026-01-15 22:49:29.333128,0 days 00:00:03.947382,0.25,1.0,1.0,200,0.4,any,2.0,3.0,COMPLETE
23,0.9872455089405947,2026-01-15 22:49:29.335335,2026-01-15 22:49:33.012850,0 days 00:00:03.677515,0.25,1.0,1.0,200,0.4,any,2.0,3.0,COMPLETE
24,0.9872455089405947,2026-01-15 22:49:33.016142,2026-01-15 22:49:37.835436,0 days 00:00:04.819294,0.25,1.0,1.0,200,0.4,any,2.0,3.0,COMPLETE
25,0.9872455089405947,2026-01-15 22:49:37.837671,2026-01-15 22:49:42.260281,0 days 00:00:04.422610,0.25,1.0,1.0,200,0.4,any,2.0,3.0,COMPLETE
26,0.9778234143619914,2026-01-15 22:49:42.262622,2026-01-15 22:49:46.462614,0 days 00:00:04.199992,0.25,1.0,1.0,200,0.4,any,2.0,4.0,COMPLETE
27,0.9872455089405947,2026-01-15 22:49:46.465049,2026-01-15 22:49:50.217379,0 days 00:00:03.752330,0.25,1.0,1.0,200,0.4,any,2.0,3.0,COMPLETE
28,0.8909377842884222,2026-01-15 22:49:50.219621,2026-01-15 22:49:54.570463,0 days 00:00:04.350842,0.25,2.0,1.5,150,0.4,any,2.0,3.0,COMPLETE
29,0.9872455089405947,2026-01-15 22:49:54.572923,2026-01-15 22:49:57.412688,0 days 00:00:02.839765,0.25,1.0,1.0,200,0.4,any,2.0,3.0,COMPLETE
30,0.7904781817681749,2026-01-15 22:49:57.415373,2026-01-15 22:50:01.416362,0 days 00:00:04.000989,0.25,1.5,2.0,200,0.4,any,2.0,3.0,COMPLETE
31,0.9872455089405947,2026-01-15 22:50:01.419098,2026-01-15 22:50:05.600419,0 days 00:00:04.181321,0.25,1.0,1.0,200,0.4,any,2.0,3.0,COMPLETE
32,0.9872455089405947,2026-01-15 22:50:05.602876,2026-01-15 22:50:09.281194,0 days 00:00:03.678318,0.25,1.0,1.0,200,0.4,any,2.0,3.0,COMPLETE
33,0.9872455089405947,2026-01-15 22:50:09.283295,2026-01-15 22:50:10.944426,0 days 00:00:01.661131,0.25,1.0,1.0,200,0.4,any,2.0,3.0,COMPLETE
34,0.9909944314493095,2026-01-15 22:50:10.946898,2026-01-15 22:50:13.384283,0 days 00:00:02.437385,0.3,1.0,1.0,200,0.4,any,2.0,3.0,COMPLETE
35,0.7937624701274115,2026-01-15 22:50:13.386531,2026-01-15 22:50:14.885581,0 days 00:00:01.499050,0.3,1.0,2.0,200,0.4,any,2.0,4.0,COMPLETE
36,0.9873958495856607,2026-01-15 22:50:14.888306,2026-01-15 22:50:16.453685,0 days 00:00:01.565379,0.3,1.5,1.0,150,0.4,any,1.5,3.0,COMPLETE
37,0.9873958495856607,2026-01-15 22:50:16.456578,2026-01-15 22:50:18.205004,0 days 00:00:01.748426,0.3,1.5,1.0,150,0.4,any,1.5,3.0,COMPLETE
38,0.7907356057109445,2026-01-15 22:50:18.207173,2026-01-15 22:50:19.802972,0 days 00:00:01.595799,0.3,1.5,2.0,150,0.4,any,1.5,4.0,COMPLETE
39,0.9873958495856607,2026-01-15 22:50:19.805481,2026-01-15 22:50:21.255727,0 days 00:00:01.450246,0.3,1.5,1.0,150,0.4,any,1.5,3.0,COMPLETE
40,0.8707113858438869,2026-01-15 22:50:21.257997,2026-01-15 22:50:22.930763,0 days 00:00:01.672766,0.3,1.5,1.5,150,0.4,any,1.5,4.0,COMPLETE
41,0.9873958495856607,2026-01-15 22:50:22.933272,2026-01-15 22:50:24.513127,0 days 00:00:01.579855,0.3,1.5,1.0,150,0.4,any,1.5,3.0,COMPLETE
42,0.9873958495856607,2026-01-15 22:50:24.515435,2026-01-15 22:50:25.898275,0 days 00:00:01.382840,0.3,1.5,1.0,150,0.4,any,1.5,3.0,COMPLETE
43,0.9873958495856607,2026-01-15 22:50:25.900181,2026-01-15 22:50:27.214581,0 days 00:00:01.314400,0.3,1.5,1.0,150,0.4,any,1.5,3.0,COMPLETE
44,0.9873958495856607,2026-01-15 22:50:27.216542,2026-01-15 22:50:28.670278,0 days 00:00:01.453736,0.3,1.5,1.0,150,0.4,any,1.5,3.0,COMPLETE
45,0.9873958495856607,2026-01-15 22:50:28.672746,2026-01-15 22:50:29.936085,0 days 00:00:01.263339,0.3,1.5,1.0,150,0.4,any,1.5,3.0,COMPLETE
46,0.8016753288923797,2026-01-15 22:50:29.938007,2026-01-15 22:50:31.279228,0 days 00:00:01.341221,0.3,1.5,2.0,150,0.4,any,1.5,3.0,COMPLETE
47,0.9873958495856607,2026-01-15 22:50:31.282451,2026-01-15 22:50:32.927749,0 days 00:00:01.645298,0.3,1.5,1.0,150,0.4,any,1.5,3.0,COMPLETE
48,0.8707113858438869,2026-01-15 22:50:32.930047,2026-01-15 22:50:34.089027,0 days 00:00:01.158980,0.3,1.5,1.5,150,0.4,any,1.5,4.0,COMPLETE
49,0.9873958495856607,2026-01-15 22:50:34.091260,2026-01-15 22:50:35.689474,0 days 00:00:01.598214,0.3,1.5,1.0,150,0.4,any,1.5,3.0,COMPLETE
