number,value,datetime_start,datetime_complete,duration,params_max_consolidation_range,params_max_dist_sma20,params_max_stop_pct,params_max_vix,params_min_consolidation_days,params_min_dollar_volume,params_min_volume,params_require_bullish_spy,params_require_positive_rs,params_require_sma_trend,params_rvol_danger,params_rvol_warning,params_rvol_warning_size,state
0,-999.0,2026-01-15 22:53:47.770731,2026-01-15 22:53:50.938671,0 days 00:00:03.167940,25.0,20.0,0.07,50.0,10,5000000.0,200000,True,True,False,4.0,2.5,0.7,COMPLETE
1,0.8637460592823786,2026-01-15 22:53:50.943204,2026-01-15 22:53:52.953410,0 days 00:00:02.010206,30.0,25.0,0.07,50.0,5,10000000.0,150000,False,False,False,3.5,2.5,0.6,COMPLETE
2,-999.0,2026-01-15 22:53:52.956875,2026-01-15 22:53:55.321880,0 days 00:00:02.365005,20.0,20.0,0.07,50.0,15,2000000.0,150000,True,True,False,4.0,2.5,0.6,COMPLETE
3,-999.0,2026-01-15 22:53:55.324874,2026-01-15 22:53:57.823571,0 days 00:00:02.498697,20.0,25.0,0.1,50.0,15,2000000.0,100000,False,False,True,3.5,2.5,0.6,COMPLETE
4,-999.0,2026-01-15 22:53:57.825915,2026-01-15 22:54:00.266878,0 days 00:00:02.440963,15.0,20.0,0.07,50.0,15,2000000.0,100000,False,True,True,4.0,2.0,0.6,COMPLETE
5,-999.0,2026-01-15 22:54:00.269431,2026-01-15 22:54:04.414637,0 days 00:00:04.145206,15.0,25.0,0.1,40.0,15,2000000.0,100000,False,False,True,3.5,2.0,0.7,COMPLETE
6,-999.0,2026-01-15 22:54:04.417327,2026-01-15 22:54:08.210476,0 days 00:00:03.793149,25.0,15.0,0.08,40.0,10,10000000.0,100000,True,True,True,3.0,2.5,0.6,COMPLETE
7,-999.0,2026-01-15 22:54:08.212823,2026-01-15 22:54:11.621496,0 days 00:00:03.408673,20.0,15.0,0.08,50.0,10,10000000.0,150000,True,True,True,3.0,2.5,0.6,COMPLETE
8,0.8943573245941732,2026-01-15 22:54:11.625166,2026-01-15 22:54:12.883938,0 days 00:00:01.258772,30.0,15.0,0.08,50.0,10,10000000.0,200000,False,False,False,3.5,2.5,0.7,COMPLETE
9,-999.0,2026-01-15 22:54:12.887103,2026-01-15 22:54:15.173296,0 days 00:00:02.286193,25.0,25.0,0.07,50.0,5,2000000.0,150000,True,True,False,3.5,2.5,0.6,COMPLETE
10,0.92087586684247,2026-01-15 22:54:15.177243,2026-01-15 22:54:16.449385,0 days 00:00:01.272142,30.0,15.0,0.08,40.0,10,5000000.0,200000,False,False,False,3.5,2.0,0.7,COMPLETE
11,0.92087586684247,2026-01-15 22:54:16.451670,2026-01-15 22:54:17.800560,0 days 00:00:01.348890,30.0,15.0,0.08,40.0,10,5000000.0,200000,False,False,False,3.5,2.0,0.7,COMPLETE
12,0.92087586684247,2026-01-15 22:54:17.803056,2026-01-15 22:54:19.241621,0 days 00:00:01.438565,30.0,15.0,0.08,40.0,10,5000000.0,200000,False,False,False,3.5,2.0,0.7,COMPLETE
13,0.92087586684247,2026-01-15 22:54:19.244064,2026-01-15 22:54:20.671564,0 days 00:00:01.427500,30.0,15.0,0.08,40.0,10,5000000.0,200000,False,False,False,3.5,2.0,0.7,COMPLETE
14,0.92087586684247,2026-01-15 22:54:20.673837,2026-01-15 22:54:22.303702,0 days 00:00:01.629865,30.0,15.0,0.08,40.0,10,5000000.0,200000,False,False,False,3.5,2.0,0.7,COMPLETE
15,0.92087586684247,2026-01-15 22:54:22.306519,2026-01-15 22:54:23.978640,0 days 00:00:01.672121,30.0,15.0,0.08,40.0,10,5000000.0,200000,False,False,False,3.0,2.0,0.7,COMPLETE
16,0.9126216151677955,2026-01-15 22:54:23.980834,2026-01-15 22:54:25.583593,0 days 00:00:01.602759,30.0,15.0,0.1,40.0,5,5000000.0,200000,False,False,False,3.5,2.0,0.7,COMPLETE
17,0.92087586684247,2026-01-15 22:54:25.586192,2026-01-15 22:54:27.523484,0 days 00:00:01.937292,30.0,15.0,0.08,40.0,10,5000000.0,200000,False,False,False,3.5,2.0,0.7,COMPLETE
18,0.8432731669846042,2026-01-15 22:54:27.527062,2026-01-15 22:54:29.017091,0 days 00:00:01.490029,15.0,15.0,0.08,40.0,10,5000000.0,200000,False,False,False,3.0,2.0,0.7,COMPLETE
19,0.9223494052864986,2026-01-15 22:54:29.020477,2026-01-15 22:54:30.559420,0 days 00:00:01.538943,30.0,20.0,0.08,40.0,5,5000000.0,200000,False,False,False,4.0,2.0,0.7,COMPLETE
20,0.9043778692551815,2026-01-15 22:54:30.562114,2026-01-15 22:54:32.079801,0 days 00:00:01.517687,30.0,20.0,0.1,40.0,5,5000000.0,200000,False,False,False,4.0,2.0,0.7,COMPLETE
21,0.9223494052864986,2026-01-15 22:54:32.082920,2026-01-15 22:54:33.432649,0 days 00:00:01.349729,30.0,20.0,0.08,40.0,5,5000000.0,200000,False,False,False,4.0,2.0,0.7,COMPLETE
22,0.9223494052864986,2026-01-15 22:54:33.435543,2026-01-15 22:54:34.868338,0 days 00:00:01.432795,30.0,20.0,0.08,40.0,5,5000000.0,200000,False,False,False,4.0,2.0,0.7,COMPLETE
23,0.9223494052864986,2026-01-15 22:54:34.870936,2026-01-15 22:54:36.980454,0 days 00:00:02.109518,30.0,20.0,0.08,40.0,5,5000000.0,200000,False,False,False,4.0,2.0,0.7,COMPLETE
24,0.9223494052864986,2026-01-15 22:54:36.982884,2026-01-15 22:54:38.324293,0 days 00:00:01.341409,30.0,20.0,0.08,40.0,5,5000000.0,200000,False,False,False,4.0,2.0,0.7,COMPLETE
25,0.9223494052864986,2026-01-15 22:54:38.326390,2026-01-15 22:54:39.572889,0 days 00:00:01.246499,30.0,20.0,0.08,40.0,5,5000000.0,200000,False,False,False,4.0,2.0,0.7,COMPLETE
26,-999.0,2026-01-15 22:54:39.575068,2026-01-15 22:54:42.824192,0 days 00:00:03.249124,15.0,20.0,0.08,40.0,5,5000000.0,200000,True,False,True,4.0,2.0,0.7,COMPLETE
27,0.9550083111845055,2026-01-15 22:54:42.826374,2026-01-15 22:54:44.015278,0 days 00:00:01.188904,20.0,20.0,0.08,40.0,5,5000000.0,200000,False,False,False,4.0,2.0,0.7,COMPLETE
28,0.9191145056164054,2026-01-15 22:54:44.017360,2026-01-15 22:54:45.222164,0 days 00:00:01.204804,20.0,20.0,0.1,40.0,5,10000000.0,100000,False,False,False,4.0,2.0,0.7,COMPLETE
29,-999.0,2026-01-15 22:54:45.224142,2026-01-15 22:54:47.616866,0 days 00:00:02.392724,20.0,20.0,0.08,40.0,5,5000000.0,150000,True,True,False,4.0,2.0,0.7,COMPLETE
