number,value,datetime_start,datetime_complete,duration,params_max_consolidation_range,params_max_dist_sma20,params_max_stop_pct,params_max_vix,params_min_consolidation_days,params_min_dollar_volume,params_min_volume,params_require_bullish_spy,params_rvol_danger,params_rvol_warning,params_rvol_warning_size,state
0,0.30867128948625194,2026-01-10 01:16:35.516219,2026-01-10 01:16:36.301127,0 days 00:00:00.784908,15.0,25.0,0.07,50.0,10,5000000.0,100000,False,3.5,2.5,0.7,COMPLETE
1,0.3258386449601931,2026-01-10 01:16:36.303151,2026-01-10 01:16:36.937103,0 days 00:00:00.633952,15.0,25.0,0.07,50.0,10,5000000.0,100000,False,3.5,2.0,0.7,COMPLETE
2,0.3858165418595707,2026-01-10 01:16:36.939358,2026-01-10 01:16:37.591378,0 days 00:00:00.652020,25.0,15.0,0.08,40.0,10,5000000.0,200000,False,3.0,2.0,0.65,COMPLETE
3,0.3059696568649664,2026-01-10 01:16:37.593657,2026-01-10 01:16:38.263796,0 days 00:00:00.670139,25.0,25.0,0.07,50.0,5,5000000.0,200000,False,3.5,2.5,0.65,COMPLETE
4,0.3258386449601931,2026-01-10 01:16:38.267140,2026-01-10 01:16:38.976397,0 days 00:00:00.709257,15.0,15.0,0.07,40.0,5,5000000.0,100000,False,3.5,2.0,0.7,COMPLETE
5,0.33961386931117704,2026-01-10 01:16:38.978651,2026-01-10 01:16:39.842601,0 days 00:00:00.863950,20.0,25.0,0.07,50.0,5,5000000.0,200000,False,3.0,2.0,0.65,COMPLETE
6,0.3300851450909752,2026-01-10 01:16:39.845065,2026-01-10 01:16:40.646534,0 days 00:00:00.801469,15.0,15.0,0.07,40.0,10,10000000.0,100000,False,3.5,2.0,0.65,COMPLETE
7,0.36090710597932146,2026-01-10 01:16:40.648424,2026-01-10 01:16:41.374121,0 days 00:00:00.725697,25.0,15.0,0.08,40.0,10,10000000.0,100000,False,3.5,2.5,0.65,COMPLETE
8,0.39055026222190115,2026-01-10 01:16:41.376066,2026-01-10 01:16:42.051016,0 days 00:00:00.674950,15.0,15.0,0.08,50.0,10,10000000.0,100000,False,3.0,2.0,0.65,COMPLETE
9,0.3424591692407447,2026-01-10 01:16:42.053423,2026-01-10 01:16:42.702613,0 days 00:00:00.649190,25.0,20.0,0.07,40.0,5,5000000.0,100000,False,3.0,2.0,0.65,COMPLETE
10,0.3627729529058126,2026-01-10 01:16:42.704850,2026-01-10 01:16:43.319976,0 days 00:00:00.615126,20.0,20.0,0.08,50.0,10,10000000.0,200000,False,3.0,2.5,0.6,COMPLETE
11,0.38733155441013667,2026-01-10 01:16:43.322245,2026-01-10 01:16:43.971765,0 days 00:00:00.649520,25.0,15.0,0.08,40.0,10,10000000.0,200000,False,3.0,2.0,0.6,COMPLETE
12,0.38733155441013667,2026-01-10 01:16:43.973720,2026-01-10 01:16:44.598182,0 days 00:00:00.624462,25.0,15.0,0.08,40.0,10,10000000.0,200000,False,3.0,2.0,0.6,COMPLETE
13,0.38733155441013667,2026-01-10 01:16:44.600443,2026-01-10 01:16:45.231634,0 days 00:00:00.631191,15.0,15.0,0.08,50.0,10,10000000.0,200000,False,3.0,2.0,0.6,COMPLETE
14,0.39173165785767894,2026-01-10 01:16:45.234759,2026-01-10 01:16:45.854715,0 days 00:00:00.619956,20.0,15.0,0.08,40.0,10,10000000.0,100000,False,3.0,2.0,0.6,COMPLETE
15,0.39173165785767894,2026-01-10 01:16:45.856985,2026-01-10 01:16:46.486184,0 days 00:00:00.629199,20.0,15.0,0.08,50.0,10,10000000.0,100000,False,3.0,2.0,0.6,COMPLETE
16,0.39173165785767894,2026-01-10 01:16:46.488328,2026-01-10 01:16:47.122846,0 days 00:00:00.634518,20.0,20.0,0.08,50.0,10,10000000.0,100000,False,3.0,2.0,0.6,COMPLETE
17,0.39173165785767894,2026-01-10 01:16:47.125715,2026-01-10 01:16:47.763214,0 days 00:00:00.637499,20.0,15.0,0.08,40.0,10,10000000.0,100000,False,3.0,2.0,0.6,COMPLETE
18,0.36783366015466984,2026-01-10 01:16:47.765354,2026-01-10 01:16:48.428123,0 days 00:00:00.662769,20.0,15.0,0.08,40.0,5,10000000.0,100000,False,3.0,2.5,0.6,COMPLETE
19,0.39173165785767894,2026-01-10 01:16:48.430327,2026-01-10 01:16:49.277037,0 days 00:00:00.846710,20.0,20.0,0.08,50.0,10,10000000.0,100000,False,3.0,2.0,0.6,COMPLETE
20,0.39173165785767894,2026-01-10 01:16:49.283410,2026-01-10 01:16:50.248700,0 days 00:00:00.965290,20.0,15.0,0.08,40.0,10,10000000.0,100000,False,3.0,2.0,0.6,COMPLETE
21,0.39173165785767894,2026-01-10 01:16:50.251155,2026-01-10 01:16:51.083753,0 days 00:00:00.832598,20.0,20.0,0.08,50.0,10,10000000.0,100000,False,3.0,2.0,0.6,COMPLETE
22,0.39173165785767894,2026-01-10 01:16:51.085909,2026-01-10 01:16:51.953723,0 days 00:00:00.867814,20.0,20.0,0.08,50.0,10,10000000.0,100000,False,3.0,2.0,0.6,COMPLETE
23,0.39173165785767894,2026-01-10 01:16:51.957061,2026-01-10 01:16:52.757661,0 days 00:00:00.800600,20.0,20.0,0.08,50.0,10,10000000.0,100000,False,3.0,2.0,0.6,COMPLETE
24,0.39173165785767894,2026-01-10 01:16:52.762049,2026-01-10 01:16:53.597869,0 days 00:00:00.835820,20.0,20.0,0.08,50.0,10,10000000.0,100000,False,3.0,2.0,0.6,COMPLETE
25,0.39173165785767894,2026-01-10 01:16:53.600464,2026-01-10 01:16:54.359477,0 days 00:00:00.759013,20.0,20.0,0.08,50.0,10,10000000.0,100000,False,3.0,2.0,0.6,COMPLETE
26,0.37157115289686454,2026-01-10 01:16:54.362590,2026-01-10 01:16:55.227224,0 days 00:00:00.864634,20.0,15.0,0.08,50.0,5,10000000.0,100000,False,3.0,2.5,0.7,COMPLETE
27,0.39173165785767894,2026-01-10 01:16:55.229591,2026-01-10 01:16:56.068648,0 days 00:00:00.839057,20.0,15.0,0.08,50.0,10,10000000.0,100000,False,3.0,2.0,0.6,COMPLETE
28,0.39173165785767894,2026-01-10 01:16:56.075397,2026-01-10 01:16:56.944756,0 days 00:00:00.869359,20.0,25.0,0.08,40.0,10,10000000.0,100000,False,3.0,2.0,0.6,COMPLETE
29,0.3609991443299731,2026-01-10 01:16:56.947516,2026-01-10 01:16:57.802312,0 days 00:00:00.854796,20.0,20.0,0.08,50.0,10,10000000.0,100000,False,3.5,2.5,0.7,COMPLETE
30,0.39173165785767894,2026-01-10 01:16:57.804759,2026-01-10 01:16:58.693410,0 days 00:00:00.888651,20.0,25.0,0.08,50.0,10,10000000.0,100000,False,3.0,2.0,0.6,COMPLETE
31,0.39173165785767894,2026-01-10 01:16:58.695933,2026-01-10 01:16:59.471914,0 days 00:00:00.775981,20.0,15.0,0.08,40.0,10,10000000.0,100000,False,3.0,2.0,0.6,COMPLETE
32,0.39173165785767894,2026-01-10 01:16:59.474136,2026-01-10 01:17:00.361565,0 days 00:00:00.887429,20.0,15.0,0.08,40.0,10,10000000.0,100000,False,3.0,2.0,0.6,COMPLETE
33,0.39173165785767894,2026-01-10 01:17:00.363819,2026-01-10 01:17:01.144341,0 days 00:00:00.780522,20.0,15.0,0.08,40.0,10,10000000.0,100000,False,3.0,2.0,0.6,COMPLETE
34,0.3258386449601931,2026-01-10 01:17:01.147360,2026-01-10 01:17:01.996649,0 days 00:00:00.849289,20.0,15.0,0.07,40.0,10,5000000.0,100000,False,3.5,2.0,0.7,COMPLETE
35,0.39173165785767894,2026-01-10 01:17:01.999355,2026-01-10 01:17:02.850706,0 days 00:00:00.851351,20.0,15.0,0.08,40.0,10,5000000.0,100000,False,3.0,2.0,0.6,COMPLETE
36,0.34471560333106377,2026-01-10 01:17:02.852972,2026-01-10 01:17:03.605829,0 days 00:00:00.752857,15.0,25.0,0.07,40.0,5,10000000.0,100000,False,3.0,2.0,0.6,COMPLETE
37,0.37735047364498675,2026-01-10 01:17:03.613384,2026-01-10 01:17:04.466637,0 days 00:00:00.853253,20.0,15.0,0.08,50.0,10,5000000.0,100000,False,3.5,2.0,0.7,COMPLETE
38,0.3145298862460369,2026-01-10 01:17:04.469664,2026-01-10 01:17:05.319265,0 days 00:00:00.849601,20.0,25.0,0.07,40.0,5,10000000.0,200000,False,3.0,2.5,0.6,COMPLETE
39,0.3833960517967226,2026-01-10 01:17:05.321158,2026-01-10 01:17:06.074413,0 days 00:00:00.753255,15.0,15.0,0.08,50.0,10,10000000.0,100000,False,3.5,2.0,0.6,COMPLETE
40,0.39055026222190115,2026-01-10 01:17:06.076600,2026-01-10 01:17:06.896187,0 days 00:00:00.819587,25.0,15.0,0.08,40.0,10,5000000.0,100000,False,3.0,2.0,0.65,COMPLETE
41,0.39173165785767894,2026-01-10 01:17:06.898166,2026-01-10 01:17:07.547125,0 days 00:00:00.648959,20.0,20.0,0.08,50.0,10,10000000.0,100000,False,3.0,2.0,0.6,COMPLETE
42,0.39173165785767894,2026-01-10 01:17:07.549123,2026-01-10 01:17:08.179398,0 days 00:00:00.630275,20.0,20.0,0.08,50.0,10,10000000.0,100000,False,3.0,2.0,0.6,COMPLETE
43,0.39173165785767894,2026-01-10 01:17:08.181603,2026-01-10 01:17:08.880388,0 days 00:00:00.698785,20.0,20.0,0.08,50.0,10,10000000.0,100000,False,3.0,2.0,0.6,COMPLETE
44,0.39173165785767894,2026-01-10 01:17:08.882493,2026-01-10 01:17:09.550681,0 days 00:00:00.668188,20.0,20.0,0.08,50.0,10,10000000.0,100000,False,3.0,2.0,0.6,COMPLETE
45,0.33961386931117704,2026-01-10 01:17:09.552660,2026-01-10 01:17:10.187381,0 days 00:00:00.634721,20.0,20.0,0.07,50.0,10,10000000.0,200000,False,3.0,2.0,0.65,COMPLETE
46,0.36783366015466984,2026-01-10 01:17:10.189289,2026-01-10 01:17:10.788926,0 days 00:00:00.599637,25.0,15.0,0.08,50.0,5,10000000.0,100000,False,3.0,2.5,0.6,COMPLETE
47,0.3833960517967226,2026-01-10 01:17:10.791539,2026-01-10 01:17:11.384935,0 days 00:00:00.593396,15.0,20.0,0.08,40.0,10,10000000.0,100000,False,3.5,2.0,0.6,COMPLETE
48,0.38428957205537734,2026-01-10 01:17:11.386836,2026-01-10 01:17:11.965967,0 days 00:00:00.579131,20.0,15.0,0.08,50.0,10,5000000.0,200000,False,3.0,2.0,0.7,COMPLETE
49,0.3424591692407447,2026-01-10 01:17:11.968179,2026-01-10 01:17:12.651672,0 days 00:00:00.683493,20.0,20.0,0.07,40.0,10,10000000.0,100000,False,3.0,2.0,0.65,COMPLETE
50,0.39173165785767894,2026-01-10 01:17:12.653922,2026-01-10 01:17:13.279794,0 days 00:00:00.625872,25.0,15.0,0.08,50.0,10,10000000.0,100000,False,3.0,2.0,0.6,COMPLETE
51,0.39173165785767894,2026-01-10 01:17:13.281894,2026-01-10 01:17:13.902037,0 days 00:00:00.620143,20.0,15.0,0.08,40.0,10,10000000.0,100000,False,3.0,2.0,0.6,COMPLETE
52,0.39173165785767894,2026-01-10 01:17:13.904373,2026-01-10 01:17:14.506367,0 days 00:00:00.601994,20.0,15.0,0.08,40.0,10,10000000.0,100000,False,3.0,2.0,0.6,COMPLETE
53,0.39173165785767894,2026-01-10 01:17:14.508473,2026-01-10 01:17:15.113638,0 days 00:00:00.605165,20.0,15.0,0.08,40.0,10,10000000.0,100000,False,3.0,2.0,0.6,COMPLETE
54,0.39173165785767894,2026-01-10 01:17:15.115875,2026-01-10 01:17:15.720370,0 days 00:00:00.604495,20.0,15.0,0.08,40.0,10,10000000.0,100000,False,3.0,2.0,0.6,COMPLETE
55,0.39173165785767894,2026-01-10 01:17:15.723007,2026-01-10 01:17:16.370519,0 days 00:00:00.647512,20.0,15.0,0.08,40.0,10,10000000.0,100000,False,3.0,2.0,0.6,COMPLETE
56,0.3627729529058126,2026-01-10 01:17:16.372889,2026-01-10 01:17:16.978559,0 days 00:00:00.605670,20.0,20.0,0.08,40.0,5,10000000.0,200000,False,3.0,2.5,0.6,COMPLETE
57,0.39173165785767894,2026-01-10 01:17:16.980575,2026-01-10 01:17:17.589670,0 days 00:00:00.609095,15.0,25.0,0.08,50.0,10,10000000.0,100000,False,3.0,2.0,0.6,COMPLETE
58,0.39173165785767894,2026-01-10 01:17:17.591678,2026-01-10 01:17:18.198104,0 days 00:00:00.606426,20.0,15.0,0.08,50.0,10,10000000.0,100000,False,3.0,2.0,0.6,COMPLETE
59,0.39173165785767894,2026-01-10 01:17:18.200176,2026-01-10 01:17:18.798992,0 days 00:00:00.598816,20.0,20.0,0.08,40.0,10,10000000.0,100000,False,3.0,2.0,0.6,COMPLETE
60,0.3803441460330497,2026-01-10 01:17:18.801185,2026-01-10 01:17:19.420511,0 days 00:00:00.619326,20.0,15.0,0.08,50.0,10,10000000.0,100000,False,3.5,2.0,0.65,COMPLETE
61,0.39173165785767894,2026-01-10 01:17:19.422374,2026-01-10 01:17:20.020992,0 days 00:00:00.598618,20.0,20.0,0.08,50.0,10,10000000.0,100000,False,3.0,2.0,0.6,COMPLETE
62,0.39173165785767894,2026-01-10 01:17:20.022857,2026-01-10 01:17:20.621667,0 days 00:00:00.598810,20.0,20.0,0.08,50.0,10,10000000.0,100000,False,3.0,2.0,0.6,COMPLETE
63,0.39173165785767894,2026-01-10 01:17:20.624471,2026-01-10 01:17:21.226266,0 days 00:00:00.601795,20.0,20.0,0.08,50.0,10,10000000.0,100000,False,3.0,2.0,0.6,COMPLETE
64,0.39173165785767894,2026-01-10 01:17:21.228276,2026-01-10 01:17:21.875406,0 days 00:00:00.647130,20.0,20.0,0.08,50.0,10,10000000.0,100000,False,3.0,2.0,0.6,COMPLETE
65,0.36783366015466984,2026-01-10 01:17:21.877447,2026-01-10 01:17:22.498929,0 days 00:00:00.621482,20.0,20.0,0.08,50.0,10,10000000.0,100000,False,3.0,2.5,0.6,COMPLETE
66,0.3893461629148444,2026-01-10 01:17:22.501001,2026-01-10 01:17:23.095314,0 days 00:00:00.594313,20.0,15.0,0.08,40.0,10,5000000.0,100000,False,3.0,2.0,0.7,COMPLETE
67,0.34471560333106377,2026-01-10 01:17:23.097416,2026-01-10 01:17:23.687401,0 days 00:00:00.589985,25.0,25.0,0.07,50.0,5,10000000.0,100000,False,3.0,2.0,0.6,COMPLETE
68,0.38733155441013667,2026-01-10 01:17:23.689312,2026-01-10 01:17:24.286242,0 days 00:00:00.596930,20.0,15.0,0.08,40.0,10,10000000.0,200000,False,3.0,2.0,0.6,COMPLETE
69,0.39173165785767894,2026-01-10 01:17:24.288516,2026-01-10 01:17:24.876794,0 days 00:00:00.588278,20.0,20.0,0.08,50.0,10,10000000.0,100000,False,3.0,2.0,0.6,COMPLETE
70,0.3833960517967226,2026-01-10 01:17:24.878673,2026-01-10 01:17:25.473719,0 days 00:00:00.595046,15.0,15.0,0.08,40.0,10,10000000.0,100000,False,3.5,2.0,0.6,COMPLETE
71,0.39173165785767894,2026-01-10 01:17:25.476574,2026-01-10 01:17:26.071903,0 days 00:00:00.595329,20.0,20.0,0.08,50.0,10,10000000.0,100000,False,3.0,2.0,0.6,COMPLETE
72,0.39173165785767894,2026-01-10 01:17:26.074072,2026-01-10 01:17:26.660158,0 days 00:00:00.586086,20.0,20.0,0.08,50.0,10,10000000.0,100000,False,3.0,2.0,0.6,COMPLETE
73,0.39173165785767894,2026-01-10 01:17:26.662059,2026-01-10 01:17:27.283492,0 days 00:00:00.621433,20.0,20.0,0.08,50.0,10,10000000.0,100000,False,3.0,2.0,0.6,COMPLETE
74,0.39173165785767894,2026-01-10 01:17:27.285639,2026-01-10 01:17:27.877117,0 days 00:00:00.591478,20.0,20.0,0.08,50.0,10,10000000.0,100000,False,3.0,2.0,0.6,COMPLETE
75,0.39173165785767894,2026-01-10 01:17:27.879249,2026-01-10 01:17:28.466805,0 days 00:00:00.587556,20.0,20.0,0.08,50.0,10,10000000.0,100000,False,3.0,2.0,0.6,COMPLETE
76,0.37157115289686454,2026-01-10 01:17:28.468988,2026-01-10 01:17:29.052198,0 days 00:00:00.583210,20.0,15.0,0.08,50.0,10,5000000.0,100000,False,3.0,2.5,0.7,COMPLETE
77,0.34471560333106377,2026-01-10 01:17:29.054435,2026-01-10 01:17:29.692545,0 days 00:00:00.638110,20.0,20.0,0.07,40.0,5,10000000.0,100000,False,3.0,2.0,0.6,COMPLETE
78,0.39055026222190115,2026-01-10 01:17:29.694447,2026-01-10 01:17:30.275985,0 days 00:00:00.581538,20.0,25.0,0.08,50.0,10,10000000.0,100000,False,3.0,2.0,0.65,COMPLETE
79,0.38733155441013667,2026-01-10 01:17:30.277907,2026-01-10 01:17:30.862213,0 days 00:00:00.584306,25.0,15.0,0.08,40.0,10,10000000.0,200000,False,3.0,2.0,0.6,COMPLETE
80,0.3833960517967226,2026-01-10 01:17:30.864903,2026-01-10 01:17:31.442857,0 days 00:00:00.577954,20.0,20.0,0.08,50.0,10,10000000.0,100000,False,3.5,2.0,0.6,COMPLETE
81,0.39173165785767894,2026-01-10 01:17:31.444998,2026-01-10 01:17:32.033480,0 days 00:00:00.588482,20.0,20.0,0.08,50.0,10,10000000.0,100000,False,3.0,2.0,0.6,COMPLETE
82,0.39173165785767894,2026-01-10 01:17:32.035635,2026-01-10 01:17:32.615582,0 days 00:00:00.579947,20.0,20.0,0.08,50.0,10,10000000.0,100000,False,3.0,2.0,0.6,COMPLETE
83,0.39173165785767894,2026-01-10 01:17:32.617563,2026-01-10 01:17:33.204231,0 days 00:00:00.586668,20.0,20.0,0.08,50.0,10,10000000.0,100000,False,3.0,2.0,0.6,COMPLETE
84,0.39173165785767894,2026-01-10 01:17:33.206248,2026-01-10 01:17:33.796969,0 days 00:00:00.590721,20.0,20.0,0.08,50.0,10,10000000.0,100000,False,3.0,2.0,0.6,COMPLETE
85,0.39173165785767894,2026-01-10 01:17:33.799270,2026-01-10 01:17:34.398565,0 days 00:00:00.599295,20.0,15.0,0.08,50.0,10,10000000.0,100000,False,3.0,2.0,0.6,COMPLETE
86,0.39173165785767894,2026-01-10 01:17:34.400439,2026-01-10 01:17:35.009603,0 days 00:00:00.609164,20.0,15.0,0.08,40.0,10,5000000.0,100000,False,3.0,2.0,0.6,COMPLETE
87,0.39173165785767894,2026-01-10 01:17:35.011688,2026-01-10 01:17:35.612284,0 days 00:00:00.600596,15.0,20.0,0.08,50.0,10,10000000.0,100000,False,3.0,2.0,0.6,COMPLETE
88,0.32058657096296966,2026-01-10 01:17:35.614328,2026-01-10 01:17:36.191154,0 days 00:00:00.576826,20.0,15.0,0.07,40.0,10,10000000.0,100000,False,3.0,2.5,0.7,COMPLETE
89,0.39173165785767894,2026-01-10 01:17:36.193122,2026-01-10 01:17:36.766428,0 days 00:00:00.573306,20.0,20.0,0.08,50.0,5,10000000.0,100000,False,3.0,2.0,0.6,COMPLETE
90,0.39055026222190115,2026-01-10 01:17:36.768456,2026-01-10 01:17:37.350745,0 days 00:00:00.582289,20.0,15.0,0.08,40.0,10,10000000.0,100000,False,3.0,2.0,0.65,COMPLETE
91,0.39173165785767894,2026-01-10 01:17:37.352804,2026-01-10 01:17:37.941568,0 days 00:00:00.588764,20.0,20.0,0.08,50.0,10,10000000.0,100000,False,3.0,2.0,0.6,COMPLETE
92,0.39173165785767894,2026-01-10 01:17:37.943630,2026-01-10 01:17:38.527546,0 days 00:00:00.583916,20.0,20.0,0.08,50.0,10,10000000.0,100000,False,3.0,2.0,0.6,COMPLETE
93,0.39173165785767894,2026-01-10 01:17:38.529445,2026-01-10 01:17:39.119001,0 days 00:00:00.589556,20.0,20.0,0.08,50.0,10,10000000.0,100000,False,3.0,2.0,0.6,COMPLETE
94,0.39173165785767894,2026-01-10 01:17:39.121202,2026-01-10 01:17:39.708350,0 days 00:00:00.587148,20.0,20.0,0.08,50.0,10,10000000.0,100000,False,3.0,2.0,0.6,COMPLETE
95,0.39173165785767894,2026-01-10 01:17:39.710492,2026-01-10 01:17:40.310964,0 days 00:00:00.600472,20.0,20.0,0.08,50.0,10,10000000.0,100000,False,3.0,2.0,0.6,COMPLETE
96,0.37772083953648333,2026-01-10 01:17:40.313098,2026-01-10 01:17:40.969333,0 days 00:00:00.656235,25.0,15.0,0.08,50.0,10,10000000.0,200000,False,3.5,2.0,0.6,COMPLETE
97,0.39173165785767894,2026-01-10 01:17:40.971732,2026-01-10 01:17:41.659972,0 days 00:00:00.688240,20.0,25.0,0.08,40.0,10,10000000.0,100000,False,3.0,2.0,0.6,COMPLETE
98,0.39173165785767894,2026-01-10 01:17:41.661963,2026-01-10 01:17:42.413986,0 days 00:00:00.752023,20.0,20.0,0.08,50.0,10,10000000.0,100000,False,3.0,2.0,0.6,COMPLETE
99,0.39173165785767894,2026-01-10 01:17:42.417744,2026-01-10 01:17:43.138415,0 days 00:00:00.720671,20.0,15.0,0.08,50.0,10,5000000.0,100000,False,3.0,2.0,0.6,COMPLETE
100,0.36783366015466984,2026-01-10 01:17:43.140560,2026-01-10 01:17:43.753127,0 days 00:00:00.612567,15.0,20.0,0.08,40.0,10,10000000.0,100000,False,3.0,2.5,0.6,COMPLETE
101,0.39173165785767894,2026-01-10 01:17:43.756614,2026-01-10 01:17:44.380138,0 days 00:00:00.623524,20.0,20.0,0.08,50.0,10,10000000.0,100000,False,3.0,2.0,0.6,COMPLETE
102,0.39173165785767894,2026-01-10 01:17:44.382196,2026-01-10 01:17:45.070903,0 days 00:00:00.688707,20.0,20.0,0.08,50.0,10,10000000.0,100000,False,3.0,2.0,0.6,COMPLETE
103,0.39173165785767894,2026-01-10 01:17:45.073142,2026-01-10 01:17:45.689177,0 days 00:00:00.616035,20.0,20.0,0.08,50.0,10,10000000.0,100000,False,3.0,2.0,0.6,COMPLETE
104,0.39173165785767894,2026-01-10 01:17:45.691266,2026-01-10 01:17:46.320697,0 days 00:00:00.629431,20.0,20.0,0.08,50.0,10,10000000.0,100000,False,3.0,2.0,0.6,COMPLETE
105,0.34471560333106377,2026-01-10 01:17:46.322743,2026-01-10 01:17:46.928815,0 days 00:00:00.606072,20.0,20.0,0.07,50.0,10,10000000.0,100000,False,3.0,2.0,0.6,COMPLETE
106,0.3893461629148444,2026-01-10 01:17:46.930764,2026-01-10 01:17:47.528450,0 days 00:00:00.597686,20.0,15.0,0.08,50.0,5,10000000.0,100000,False,3.0,2.0,0.7,COMPLETE
107,0.39173165785767894,2026-01-10 01:17:47.530364,2026-01-10 01:17:48.158189,0 days 00:00:00.627825,20.0,20.0,0.08,40.0,10,10000000.0,100000,False,3.0,2.0,0.6,COMPLETE
108,0.38733155441013667,2026-01-10 01:17:48.160333,2026-01-10 01:17:48.761481,0 days 00:00:00.601148,20.0,15.0,0.08,50.0,10,10000000.0,200000,False,3.0,2.0,0.6,COMPLETE
109,0.3833960517967226,2026-01-10 01:17:48.763542,2026-01-10 01:17:49.360006,0 days 00:00:00.596464,20.0,20.0,0.08,40.0,10,10000000.0,100000,False,3.5,2.0,0.6,COMPLETE
110,0.39055026222190115,2026-01-10 01:17:49.362229,2026-01-10 01:17:49.969867,0 days 00:00:00.607638,25.0,25.0,0.08,50.0,10,10000000.0,100000,False,3.0,2.0,0.65,COMPLETE
111,0.39173165785767894,2026-01-10 01:17:49.971937,2026-01-10 01:17:50.600446,0 days 00:00:00.628509,20.0,15.0,0.08,50.0,10,10000000.0,100000,False,3.0,2.0,0.6,COMPLETE
112,0.39173165785767894,2026-01-10 01:17:50.603120,2026-01-10 01:17:51.211871,0 days 00:00:00.608751,20.0,15.0,0.08,50.0,10,10000000.0,100000,False,3.0,2.0,0.6,COMPLETE
113,0.39173165785767894,2026-01-10 01:17:51.213839,2026-01-10 01:17:51.814538,0 days 00:00:00.600699,20.0,15.0,0.08,50.0,10,10000000.0,100000,False,3.0,2.0,0.6,COMPLETE
114,0.39173165785767894,2026-01-10 01:17:51.816554,2026-01-10 01:17:52.420704,0 days 00:00:00.604150,20.0,15.0,0.08,50.0,10,10000000.0,100000,False,3.0,2.0,0.6,COMPLETE
115,0.39173165785767894,2026-01-10 01:17:52.423064,2026-01-10 01:17:53.023458,0 days 00:00:00.600394,20.0,15.0,0.08,50.0,10,10000000.0,100000,False,3.0,2.0,0.6,COMPLETE
116,0.39173165785767894,2026-01-10 01:17:53.025402,2026-01-10 01:17:53.634447,0 days 00:00:00.609045,20.0,20.0,0.08,50.0,10,10000000.0,100000,False,3.0,2.0,0.6,COMPLETE
117,0.39173165785767894,2026-01-10 01:17:53.636765,2026-01-10 01:17:54.227726,0 days 00:00:00.590961,20.0,15.0,0.08,40.0,10,5000000.0,100000,False,3.0,2.0,0.6,COMPLETE
118,0.31749446174261636,2026-01-10 01:17:54.229581,2026-01-10 01:17:54.826828,0 days 00:00:00.597247,20.0,20.0,0.07,50.0,10,10000000.0,100000,False,3.0,2.5,0.6,COMPLETE
119,0.39173165785767894,2026-01-10 01:17:54.828754,2026-01-10 01:17:55.433378,0 days 00:00:00.604624,15.0,15.0,0.08,50.0,5,10000000.0,100000,False,3.0,2.0,0.6,COMPLETE
120,0.39173165785767894,2026-01-10 01:17:55.435498,2026-01-10 01:17:56.029547,0 days 00:00:00.594049,20.0,20.0,0.08,40.0,10,10000000.0,100000,False,3.0,2.0,0.6,COMPLETE
121,0.39173165785767894,2026-01-10 01:17:56.031635,2026-01-10 01:17:56.613246,0 days 00:00:00.581611,20.0,25.0,0.08,40.0,10,10000000.0,100000,False,3.0,2.0,0.6,COMPLETE
122,0.39173165785767894,2026-01-10 01:17:56.615296,2026-01-10 01:17:57.211174,0 days 00:00:00.595878,20.0,25.0,0.08,40.0,10,10000000.0,100000,False,3.0,2.0,0.6,COMPLETE
123,0.39173165785767894,2026-01-10 01:17:57.213130,2026-01-10 01:17:57.809231,0 days 00:00:00.596101,20.0,25.0,0.08,40.0,10,10000000.0,100000,False,3.0,2.0,0.6,COMPLETE
124,0.39173165785767894,2026-01-10 01:17:57.811378,2026-01-10 01:17:58.391440,0 days 00:00:00.580062,20.0,25.0,0.08,40.0,10,10000000.0,100000,False,3.0,2.0,0.6,COMPLETE
125,0.3893461629148444,2026-01-10 01:17:58.393390,2026-01-10 01:17:58.991998,0 days 00:00:00.598608,20.0,25.0,0.08,40.0,10,10000000.0,100000,False,3.0,2.0,0.7,COMPLETE
126,0.39173165785767894,2026-01-10 01:17:58.994041,2026-01-10 01:17:59.588439,0 days 00:00:00.594398,20.0,15.0,0.08,50.0,10,10000000.0,100000,False,3.0,2.0,0.6,COMPLETE
