number,value,datetime_start,datetime_complete,duration,params_score_rs_weight,params_tp1_pct,params_tp1_r,params_tp2_pct,params_tp2_r,user_attrs_max_dd,user_attrs_profit_factor,user_attrs_sharpe,user_attrs_total_return,user_attrs_trades,user_attrs_win_rate,system_attrs_fixed_params,state
0,-87.22227621417264,2026-04-28 21:21:51.610101,2026-04-28 21:22:08.522599,0 days 00:00:16.912498,0.7,0.33,1.25,0.33,3.0,-3.8286059343250787,999.0,0.6472726560580819,11.085652842018854,10201.0,100.0,"{'tp1_r': 1.25, 'tp2_r': 3.0, 'tp1_pct': 0.33, 'tp2_pct': 0.33, 'score_rs_weight': 0.7}",COMPLETE
1,-87.2028994355958,2026-04-28 21:21:51.633576,2026-04-28 21:22:04.539052,0 days 00:00:12.905476,1.0,0.4,1.5,0.35000000000000003,2.5,-3.73800693362607,999.0,0.6699740391775407,10.765596234979647,10201.0,100.0,,COMPLETE
2,-91.04277817021512,2026-04-28 21:22:04.541073,2026-04-28 21:22:20.310988,0 days 00:00:15.769915,0.5,0.45,2.0,0.35000000000000003,3.5,-4.2992721564369285,999.0,0.6339842849327919,10.64201570069266,10201.0,100.0,,COMPLETE
3,-91.22965857022453,2026-04-28 21:22:08.524322,2026-04-28 21:22:25.587108,0 days 00:00:17.062786,0.6000000000000001,0.25,1.5,0.4,5.5,-4.789581108215858,999.0,0.6225631639746554,12.74127183460894,10201.0,100.0,,COMPLETE
4,-91.29270295570339,2026-04-28 21:22:20.314131,2026-04-28 21:22:36.242548,0 days 00:00:15.928417,0.7,0.35,1.5,0.4,4.0,-4.604941850700562,999.0,0.5959792571516203,10.407633540311014,10201.0,100.0,,COMPLETE
5,-92.35407548142739,2026-04-28 21:22:25.588356,2026-04-28 21:22:41.843362,0 days 00:00:16.255006,0.3,0.25,1.75,0.25,5.0,-5.428806885358956,999.0,0.5464191035535154,11.497949324152462,10201.0,100.0,,COMPLETE
6,-92.2808340835446,2026-04-28 21:22:36.243619,2026-04-28 21:22:54.580976,0 days 00:00:18.337357,0.4,0.35,1.25,0.25,5.5,-4.8076560296731135,999.0,0.5911730843058631,11.60882482857928,10201.0,100.0,,COMPLETE
7,-91.09338300601995,2026-04-28 21:22:41.844749,2026-04-28 21:23:01.273307,0 days 00:00:19.428558,0.4,0.5,1.5,0.2,3.75,-4.257296143843845,999.0,0.5926919829216672,10.119617930244829,10201.0,100.0,,COMPLETE
8,-999.0,2026-04-28 21:22:54.582316,2026-04-28 21:22:54.583297,0 days 00:00:00.000981,,0.25,1.5,0.2,4.0,,,,,,,,COMPLETE
9,-92.3272543586449,2026-04-28 21:22:54.584659,2026-04-28 21:23:13.603183,0 days 00:00:19.018524,0.5,0.35,1.75,0.2,2.5,-4.5318674679591595,999.0,0.5840020222330948,10.363392284719462,10201.0,100.0,,COMPLETE
10,-999.0,2026-04-28 21:23:01.274805,2026-04-28 21:23:01.275929,0 days 00:00:00.001124,,0.3,2.0,0.45,2.25,,,,,,,,COMPLETE
11,-90.88625599058646,2026-04-28 21:23:01.277147,2026-04-28 21:23:20.080567,0 days 00:00:18.803420,0.8,0.45,1.75,0.4,5.5,-4.200233489490922,999.0,0.7365199124561856,13.280659568610426,10201.0,100.0,,COMPLETE
12,-76.58228537424866,2026-04-28 21:23:13.605487,2026-04-28 21:23:31.802143,0 days 00:00:18.196656,0.4,0.5,2.0,0.25,2.75,-3.73800693362607,999.0,0.6885232076870603,11.10349603245365,10201.0,100.0,,COMPLETE
13,-91.21702776649788,2026-04-28 21:23:20.081553,2026-04-28 21:23:38.846472,0 days 00:00:18.764919,1.0,0.3,2.0,0.35000000000000003,5.5,-4.626494764522461,999.0,0.6322958653734593,12.624275789121384,10201.0,100.0,,COMPLETE
14,-91.32050884889513,2026-04-28 21:23:31.803773,2026-04-28 21:23:49.800832,0 days 00:00:17.997059,0.5,0.3,1.75,0.4,3.75,-4.721479636670735,999.0,0.5734593046940599,10.323478531950778,10201.0,100.0,,COMPLETE
15,-91.10224208763594,2026-04-28 21:23:38.848269,2026-04-28 21:23:57.021275,0 days 00:00:18.173006,0.9000000000000001,0.45,1.25,0.25,3.5,-4.4960144721710655,999.0,0.5874125405118261,10.116879721850419,10201.0,100.0,,COMPLETE
16,-88.50238492540093,2026-04-28 21:23:49.802774,2026-04-28 21:24:06.469096,0 days 00:00:16.666322,1.0,0.45,2.25,0.2,2.75,-3.73800693362607,999.0,0.6684646090122937,11.35724796411334,10201.0,100.0,,COMPLETE
17,-76.58857183855628,2026-04-28 21:23:57.022716,2026-04-28 21:24:13.355903,0 days 00:00:16.333187,1.0,0.45,1.75,0.35000000000000003,2.25,-3.73800693362607,999.0,0.6838044727548604,10.82264658145202,10201.0,100.0,,COMPLETE
18,-999.0,2026-04-28 21:24:06.470609,2026-04-28 21:24:06.477618,0 days 00:00:00.007009,,0.4,2.0,0.30000000000000004,2.25,,,,,,,,COMPLETE
19,-87.14494223111758,2026-04-28 21:24:06.478534,2026-04-28 21:24:23.174599,0 days 00:00:16.696065,1.0,0.45,1.5,0.4,2.75,-3.73800693362607,999.0,0.7174997313671942,11.186206393823465,10201.0,100.0,,COMPLETE
20,-76.63820512436155,2026-04-28 21:24:13.357156,2026-04-28 21:24:30.895922,0 days 00:00:17.538766,0.8,0.5,1.75,0.2,2.25,-3.73800693362607,999.0,0.6403418416862631,10.516937022461075,10201.0,100.0,,COMPLETE
21,-999.0,2026-04-28 21:24:23.177931,2026-04-28 21:24:23.191370,0 days 00:00:00.013439,,0.45,2.0,0.45,2.25,,,,,,,,COMPLETE
22,-87.20674548524015,2026-04-28 21:24:23.192854,2026-04-28 21:24:41.021963,0 days 00:00:17.829109,1.0,0.5,1.5,0.30000000000000004,2.0,-3.73800693362607,999.0,0.6666691305183934,10.506274262934808,10201.0,100.0,,COMPLETE
23,-87.24379320385472,2026-04-28 21:24:30.897525,2026-04-28 21:24:48.628671,0 days 00:00:17.731146,0.8,0.45,1.5,0.25,2.25,-3.73800693362607,999.0,0.6350173578494033,10.397700455695375,10201.0,100.0,,COMPLETE
24,-76.62367880080902,2026-04-28 21:24:41.023594,2026-04-28 21:24:59.479319,0 days 00:00:18.455725,0.8,0.5,1.75,0.2,2.75,-3.73800693362607,999.0,0.6517221640256627,10.716136978170908,10201.0,100.0,,COMPLETE
25,-999.0,2026-04-28 21:24:48.630206,2026-04-28 21:24:48.636938,0 days 00:00:00.006732,,0.5,2.0,0.25,2.25,,,,,,,,COMPLETE
26,-87.1402816508853,2026-04-28 21:24:48.638107,2026-04-28 21:25:07.382248,0 days 00:00:18.744141,0.8,0.5,1.75,0.30000000000000004,3.25,-3.73800693362607,999.0,0.7166576523503868,11.45930687107562,10201.0,100.0,,COMPLETE
27,-91.0748087981924,2026-04-28 21:24:59.481124,2026-04-28 21:25:17.738178,0 days 00:00:18.257054,0.3,0.45,2.0,0.25,4.0,-4.302556365597577,999.0,0.6081765432345699,10.556596861505053,10201.0,100.0,,COMPLETE
28,-91.03074591200622,2026-04-28 21:25:07.383511,2026-04-28 21:25:25.388419,0 days 00:00:18.004908,0.3,0.45,2.0,0.2,5.25,-4.259466030922516,999.0,0.6309544404218719,11.687804953763509,10201.0,100.0,,COMPLETE
29,-91.20447844862434,2026-04-28 21:25:17.739598,2026-04-28 21:25:35.442688,0 days 00:00:17.703090,0.6000000000000001,0.4,2.25,0.45,4.25,-4.388794553509111,999.0,0.6651045505243655,11.29053538949405,10201.0,100.0,,COMPLETE
30,-999.0,2026-04-28 21:25:25.389983,2026-04-28 21:25:25.397915,0 days 00:00:00.007932,,0.5,2.0,0.35000000000000003,2.25,,,,,,,,COMPLETE
31,-91.07111061642475,2026-04-28 21:25:25.399000,2026-04-28 21:25:43.335714,0 days 00:00:17.936714,0.6000000000000001,0.5,2.0,0.2,3.5,-4.194489126070048,999.0,0.6103090924836941,10.460254774778093,10201.0,100.0,,COMPLETE
32,-87.21286244191316,2026-04-28 21:25:35.443849,2026-04-28 21:25:53.938852,0 days 00:00:18.495003,0.8,0.5,1.75,0.2,3.0,-3.73800693362607,999.0,0.656741753911258,10.868376587032369,10201.0,100.0,,COMPLETE
33,-76.63820512436155,2026-04-28 21:25:43.338114,2026-04-28 21:26:01.908562,0 days 00:00:18.570448,0.8,0.5,1.75,0.2,2.25,-3.73800693362607,999.0,0.6403418416862631,10.516937022461075,10201.0,100.0,,COMPLETE
34,-79.22589150668317,2026-04-28 21:25:53.940517,2026-04-28 21:26:12.267900,0 days 00:00:18.327383,0.8,0.5,1.25,0.2,2.25,-3.73800693362607,999.0,0.6500106397857545,10.607098076914626,10201.0,100.0,,COMPLETE
35,-92.40411976026986,2026-04-28 21:26:01.909629,2026-04-28 21:26:19.523875,0 days 00:00:17.614246,0.9000000000000001,0.3,2.25,0.2,3.5,-5.435561819735851,999.0,0.5218033777169329,10.244163481009018,10201.0,100.0,,COMPLETE
36,-92.33974661615997,2026-04-28 21:26:12.269737,2026-04-28 21:26:29.702600,0 days 00:00:17.432863,0.9000000000000001,0.25,1.5,0.30000000000000004,2.0,-4.564281921428812,999.0,0.5744940239053108,10.175778605648112,10201.0,100.0,,COMPLETE
37,-87.09939449695548,2026-04-28 21:26:19.525009,2026-04-28 21:26:37.091659,0 days 00:00:17.566650,0.8,0.5,2.25,0.30000000000000004,3.0,-3.73800693362607,999.0,0.7516204274646695,12.11835875297901,10201.0,100.0,,COMPLETE
38,-88.55473731966515,2026-04-28 21:26:29.703689,2026-04-28 21:26:48.369156,0 days 00:00:18.665467,0.7,0.45,1.75,0.2,2.5,-3.7590083172267863,999.0,0.6260453232047613,10.53216007055537,10201.0,100.0,,COMPLETE
39,-999.0,2026-04-28 21:26:37.093522,2026-04-28 21:26:37.101439,0 days 00:00:00.007917,,0.4,1.75,0.4,2.0,,,,,,,,COMPLETE
40,-76.6054171788194,2026-04-28 21:26:37.102486,2026-04-28 21:26:56.400210,0 days 00:00:19.297724,0.7,0.5,1.75,0.25,2.5,-3.73800693362607,999.0,0.6689078535066537,10.771465089596678,10201.0,100.0,,COMPLETE
41,-76.58972081047314,2026-04-28 21:26:48.370725,2026-04-28 21:27:07.769052,0 days 00:00:19.398327,1.0,0.45,1.75,0.30000000000000004,2.75,-3.73800693362607,999.0,0.6816203019601549,10.991414898648086,10201.0,100.0,,COMPLETE
42,-76.59609903750766,2026-04-28 21:26:56.402127,2026-04-28 21:27:15.580695,0 days 00:00:19.178568,0.7,0.5,1.75,0.25,2.75,-3.73800693362607,999.0,0.6761512344311855,10.895964391868576,10201.0,100.0,,COMPLETE
43,-87.20079848661133,2026-04-28 21:27:07.770614,2026-04-28 21:27:26.426958,0 days 00:00:18.656344,1.0,0.4,1.75,0.30000000000000004,3.0,-3.73800693362607,999.0,0.6653170525140513,11.109076236933397,10201.0,100.0,,COMPLETE
44,-76.56446575461456,2026-04-28 21:27:15.581867,2026-04-28 21:27:34.471945,0 days 00:00:18.890078,1.0,0.45,1.75,0.35000000000000003,2.75,-3.73800693362607,999.0,0.7045864976227119,11.171242312345756,10201.0,100.0,,COMPLETE
45,-76.55881109771774,2026-04-28 21:27:26.428820,2026-04-28 21:27:45.252081,0 days 00:00:18.823261,0.6000000000000001,0.5,1.75,0.35000000000000003,2.5,-3.73800693362607,999.0,0.7092670164917441,11.081343669041146,10201.0,100.0,,COMPLETE
46,-91.03918648333429,2026-04-28 21:27:34.473690,2026-04-28 21:27:53.824613,0 days 00:00:19.350923,1.0,0.45,1.75,0.4,3.5,-4.302422670710049,999.0,0.6366845016778667,10.560071579169511,10201.0,100.0,,COMPLETE
47,-76.5838484250575,2026-04-28 21:27:45.253687,2026-04-28 21:28:04.455059,0 days 00:00:19.201372,1.0,0.4,1.75,0.35000000000000003,2.75,-3.73800693362607,999.0,0.6870333103892047,11.086865405427554,10201.0,100.0,,COMPLETE
48,-87.1838818166694,2026-04-28 21:27:53.825857,2026-04-28 21:28:12.404198,0 days 00:00:18.578341,1.0,0.45,1.5,0.35000000000000003,2.5,-3.73800693362607,999.0,0.6863305213789214,10.83205592510746,10201.0,100.0,,COMPLETE
49,-76.5838484250575,2026-04-28 21:28:04.456753,2026-04-28 21:28:22.816520,0 days 00:00:18.359767,0.5,0.4,1.75,0.35000000000000003,2.75,-3.73800693362607,999.0,0.6870333103892047,11.086865405427554,10201.0,100.0,,COMPLETE
50,-76.53746462187398,2026-04-28 21:28:12.405645,2026-04-28 21:28:30.949606,0 days 00:00:18.543961,0.5,0.5,1.75,0.4,2.5,-3.73800693362607,999.0,0.7257290721995636,11.23627178116425,10201.0,100.0,,COMPLETE
51,-76.60673059912436,2026-04-28 21:28:22.817560,2026-04-28 21:28:41.197167,0 days 00:00:18.379607,0.5,0.35,1.75,0.35000000000000003,2.75,-3.73800693362607,999.0,0.6676714500040025,11.00249967610711,10201.0,100.0,,COMPLETE
52,-87.17267587394608,2026-04-28 21:28:30.951028,2026-04-28 21:28:49.737246,0 days 00:00:18.786218,0.5,0.4,1.75,0.35000000000000003,3.0,-3.73800693362607,999.0,0.6907779044291177,11.307120359706737,10201.0,100.0,,COMPLETE
53,-76.53746462187398,2026-04-28 21:28:41.199106,2026-04-28 21:28:59.910891,0 days 00:00:18.711785,0.5,0.5,1.75,0.4,2.5,-3.73800693362607,999.0,0.7257290721995636,11.23627178116425,10201.0,100.0,,COMPLETE
54,-76.53746462187398,2026-04-28 21:28:49.738391,2026-04-28 21:29:08.534117,0 days 00:00:18.795726,0.5,0.5,1.75,0.4,2.5,-3.73800693362607,999.0,0.7257290721995636,11.23627178116425,10201.0,100.0,,COMPLETE
55,-999.0,2026-04-28 21:28:59.912813,2026-04-28 21:28:59.922087,0 days 00:00:00.009274,,0.5,1.5,0.45,2.25,,,,,,,,COMPLETE
56,-76.53746462187398,2026-04-28 21:28:59.923256,2026-04-28 21:29:18.434795,0 days 00:00:18.511539,0.4,0.5,1.75,0.4,2.5,-3.73800693362607,999.0,0.7257290721995636,11.23627178116425,10201.0,100.0,,COMPLETE
57,-75.00791206443903,2026-04-28 21:29:08.535291,2026-04-28 21:29:26.459716,0 days 00:00:17.924425,0.4,0.5,1.75,0.4,3.0,-3.73800693362607,999.0,0.7475883773289385,11.660579525125446,10201.0,100.0,,COMPLETE
58,-75.00791206443903,2026-04-28 21:29:18.436420,2026-04-28 21:29:35.503967,0 days 00:00:17.067547,0.5,0.5,1.75,0.4,3.0,-3.73800693362607,999.0,0.7475883773289385,11.660579525125446,10201.0,100.0,,COMPLETE
59,-999.0,2026-04-28 21:29:26.461214,2026-04-28 21:29:26.468708,0 days 00:00:00.007494,,0.5,2.0,0.45,2.75,,,,,,,,COMPLETE
60,-75.00791206443903,2026-04-28 21:29:26.470072,2026-04-28 21:29:44.282526,0 days 00:00:17.812454,0.4,0.5,1.75,0.4,3.0,-3.73800693362607,999.0,0.7475883773289385,11.660579525125446,10201.0,100.0,,COMPLETE
61,-999.0,2026-04-28 21:29:35.505366,2026-04-28 21:29:35.514725,0 days 00:00:00.009359,,0.5,1.75,0.45,3.5,,,,,,,,COMPLETE
62,-76.53746462187398,2026-04-28 21:29:35.516119,2026-04-28 21:29:53.277462,0 days 00:00:17.761343,0.4,0.5,1.75,0.4,2.5,-3.73800693362607,999.0,0.7257290721995636,11.23627178116425,10201.0,100.0,,COMPLETE
63,-999.0,2026-04-28 21:29:44.283913,2026-04-28 21:29:44.295091,0 days 00:00:00.011178,,0.5,1.75,0.45,2.5,,,,,,,,COMPLETE
64,-75.00791206443903,2026-04-28 21:29:44.296676,2026-04-28 21:30:01.544887,0 days 00:00:17.248211,0.4,0.5,1.75,0.4,3.0,-3.73800693362607,999.0,0.7475883773289385,11.660579525125446,10201.0,100.0,,COMPLETE
65,-91.02825338404524,2026-04-28 21:29:53.279358,2026-04-28 21:30:10.347093,0 days 00:00:17.067735,0.4,0.5,1.75,0.35000000000000003,3.5,-4.190472132995016,999.0,0.6448058128976993,10.567227875842626,10201.0,100.0,,COMPLETE
66,-91.01421625576447,2026-04-28 21:30:01.546503,2026-04-28 21:30:18.494931,0 days 00:00:16.948428,0.4,0.5,1.75,0.4,3.5,-4.186542889779994,999.0,0.6563861965802693,10.672062789725837,10201.0,100.0,,COMPLETE
67,-90.99233051131175,2026-04-28 21:30:10.348284,2026-04-28 21:30:27.415033,0 days 00:00:17.066749,0.5,0.5,2.0,0.4,3.75,-4.175081226214217,999.0,0.6738450860567571,10.978995175489137,10201.0,100.0,,COMPLETE
68,-76.49610674457037,2026-04-28 21:30:18.496055,2026-04-28 21:30:35.635249,0 days 00:00:17.139194,0.5,0.5,1.5,0.4,3.25,-3.73800693362607,999.0,0.7535478984675035,11.737566327251349,10201.0,100.0,,COMPLETE
69,-76.50893021989052,2026-04-28 21:30:27.416304,2026-04-28 21:30:44.535222,0 days 00:00:17.118918,0.5,0.5,2.0,0.4,2.75,-3.73800693362607,999.0,0.7507689542680203,11.643003423143965,10201.0,100.0,,COMPLETE
70,-88.78760251243362,2026-04-28 21:30:35.636864,2026-04-28 21:30:52.790470,0 days 00:00:17.153606,0.4,0.5,1.25,0.4,4.25,-4.374405622366504,999.0,0.6830891051793694,11.060426262453314,10201.0,100.0,,COMPLETE
71,-84.82486357452291,2026-04-28 21:30:44.537412,2026-04-28 21:31:01.880282,0 days 00:00:17.342870,0.4,0.45,1.25,0.4,3.0,-3.73800693362607,999.0,0.7310904601406566,11.454198111633145,10201.0,100.0,,COMPLETE
72,-999.0,2026-04-28 21:30:52.792062,2026-04-28 21:30:52.800539,0 days 00:00:00.008477,,0.5,2.25,0.4,2.5,,,,,,,,COMPLETE
73,-76.51746381893271,2026-04-28 21:30:52.802021,2026-04-28 21:31:09.952497,0 days 00:00:17.150476,0.5,0.5,1.5,0.4,3.0,-3.73800693362607,999.0,0.7387453475602341,11.477773948588162,10201.0,100.0,,COMPLETE
74,-76.49610674457037,2026-04-28 21:31:01.881524,2026-04-28 21:31:20.092169,0 days 00:00:18.210645,0.5,0.5,1.5,0.4,3.25,-3.73800693362607,999.0,0.7535478984675035,11.737566327251349,10201.0,100.0,,COMPLETE
75,-76.49610674457037,2026-04-28 21:31:09.954139,2026-04-28 21:31:27.432791,0 days 00:00:17.478652,0.5,0.5,1.5,0.4,3.25,-3.73800693362607,999.0,0.7535478984675035,11.737566327251349,10201.0,100.0,,COMPLETE
76,-999.0,2026-04-28 21:31:20.093928,2026-04-28 21:31:20.102479,0 days 00:00:00.008551,,0.5,1.25,0.45,3.25,,,,,,,,COMPLETE
77,-91.02438501765214,2026-04-28 21:31:20.103962,2026-04-28 21:31:37.312859,0 days 00:00:17.208897,0.5,0.5,1.5,0.4,3.5,-4.243205305471115,999.0,0.647739220784129,10.489257213188553,10201.0,100.0,,COMPLETE
78,-91.02438501765214,2026-04-28 21:31:27.434044,2026-04-28 21:31:44.270770,0 days 00:00:16.836726,0.3,0.5,1.5,0.4,3.5,-4.243205305471115,999.0,0.647739220784129,10.489257213188553,10201.0,100.0,,COMPLETE
79,-79.09875514806261,2026-04-28 21:31:37.314461,2026-04-28 21:31:53.754968,0 days 00:00:16.440507,0.3,0.5,1.25,0.35000000000000003,3.25,-3.73800693362607,999.0,0.75367745131179,11.780015910886345,10201.0,100.0,,COMPLETE
80,-79.09875514806261,2026-04-28 21:31:44.271919,2026-04-28 21:32:00.668508,0 days 00:00:16.396589,0.4,0.5,1.25,0.35000000000000003,3.25,-3.73800693362607,999.0,0.75367745131179,11.780015910886345,10201.0,100.0,,COMPLETE
81,-74.99331873474875,2026-04-28 21:31:53.756473,2026-04-28 21:32:09.757126,0 days 00:00:16.000653,0.5,0.5,2.0,0.4,3.0,-3.73800693362607,999.0,0.7602253659449094,11.868111165710522,10201.0,100.0,,COMPLETE
82,-76.51746381893271,2026-04-28 21:32:00.669564,2026-04-28 21:32:16.386132,0 days 00:00:15.716568,0.5,0.5,1.5,0.4,3.0,-3.73800693362607,999.0,0.7387453475602341,11.477773948588162,10201.0,100.0,,COMPLETE
83,-76.49001976130376,2026-04-28 21:32:09.758987,2026-04-28 21:32:25.512682,0 days 00:00:15.753695,0.5,0.45,2.0,0.4,3.25,-3.73800693362607,999.0,0.7577367544362948,12.029456641372162,10201.0,100.0,,COMPLETE
84,-76.50893021989052,2026-04-28 21:32:16.387354,2026-04-28 21:32:32.068773,0 days 00:00:15.681419,0.5,0.5,2.0,0.4,2.75,-3.73800693362607,999.0,0.7507689542680203,11.643003423143965,10201.0,100.0,,COMPLETE
85,-76.49001976130376,2026-04-28 21:32:25.513966,2026-04-28 21:32:41.217416,0 days 00:00:15.703450,0.6000000000000001,0.45,2.0,0.4,3.25,-3.73800693362607,999.0,0.7577367544362948,12.029456641372162,10201.0,100.0,,COMPLETE
86,-91.25638139915971,2026-04-28 21:32:32.070485,2026-04-28 21:32:47.780547,0 days 00:00:15.710062,0.6000000000000001,0.4,2.0,0.4,3.5,-4.41529810804702,999.0,0.6244927093383376,10.614106798840831,10201.0,100.0,,COMPLETE
87,-76.45511065900718,2026-04-28 21:32:41.219041,2026-04-28 21:32:56.704756,0 days 00:00:15.485715,0.6000000000000001,0.4,2.25,0.45,3.0,-3.73800693362607,999.0,0.7855252551342632,12.664506938692618,10201.0,100.0,,COMPLETE
88,-90.9934252737008,2026-04-28 21:32:47.782294,2026-04-28 21:33:03.404694,0 days 00:00:15.622400,0.6000000000000001,0.45,2.25,0.4,3.5,-4.274066187368742,999.0,0.6747581728673283,11.301966533553598,10201.0,100.0,,COMPLETE
89,-999.0,2026-04-28 21:32:56.706372,2026-04-28 21:32:56.714230,0 days 00:00:00.007858,,0.4,2.25,0.45,2.5,,,,,,,,COMPLETE
90,-76.46197962244403,2026-04-28 21:32:56.715609,2026-04-28 21:33:12.423613,0 days 00:00:15.708004,0.6000000000000001,0.45,2.25,0.4,3.0,-3.73800693362607,999.0,0.781724062524453,12.523581763412775,10201.0,100.0,,COMPLETE
91,-90.97499609885446,2026-04-28 21:33:03.406534,2026-04-28 21:33:19.204511,0 days 00:00:15.797977,0.6000000000000001,0.45,2.25,0.45,3.5,-4.268521751793962,999.0,0.6883394323975648,11.448178515101915,10201.0,100.0,,COMPLETE
92,-76.44101947543083,2026-04-28 21:33:12.425179,2026-04-28 21:33:28.746441,0 days 00:00:16.321262,0.6000000000000001,0.4,2.25,0.45,3.25,-3.73800693362607,999.0,0.7945569481380174,12.84494640361279,10201.0,100.0,,COMPLETE
93,-87.0651370830326,2026-04-28 21:33:19.206194,2026-04-28 21:33:35.341081,0 days 00:00:16.134887,0.6000000000000001,0.35,2.25,0.45,3.25,-3.73800693362607,999.0,0.7719243425971313,12.721582126939394,10201.0,100.0,,COMPLETE
94,-87.08680774207541,2026-04-28 21:33:28.749398,2026-04-28 21:33:46.093234,0 days 00:00:17.343836,0.6000000000000001,0.4,2.25,0.4,3.0,-3.73800693362607,999.0,0.7601015322641087,12.400235550538403,10201.0,100.0,,COMPLETE
95,-87.0734303539403,2026-04-28 21:33:35.342991,2026-04-28 21:33:53.113040,0 days 00:00:17.770049,0.6000000000000001,0.4,2.25,0.4,3.25,-3.73800693362607,999.0,0.7677467847733984,12.560627184023367,10201.0,100.0,,COMPLETE
96,-76.50947517935928,2026-04-28 21:33:46.094888,2026-04-28 21:34:02.738924,0 days 00:00:16.644036,0.6000000000000001,0.4,2.0,0.45,3.0,-3.73800693362607,999.0,0.7464719718052637,11.869261482480782,10201.0,100.0,,COMPLETE
97,-76.49001976130376,2026-04-28 21:33:53.114987,2026-04-28 21:34:09.533306,0 days 00:00:16.418319,0.6000000000000001,0.45,2.0,0.4,3.25,-3.73800693362607,999.0,0.7577367544362948,12.029456641372162,10201.0,100.0,,COMPLETE
98,-90.82543636643143,2026-04-28 21:34:02.740637,2026-04-28 21:34:18.638538,0 days 00:00:15.897901,0.7,0.5,2.25,0.4,5.0,-4.0708624764200385,999.0,0.7861862810369843,13.849181107281547,10201.0,100.0,,COMPLETE
99,-91.0137002497661,2026-04-28 21:34:09.535706,2026-04-28 21:34:23.576318,0 days 00:00:14.040612,0.7,0.5,2.0,0.35000000000000003,3.5,-4.182700924587285,999.0,0.6569099966587084,10.7747595164277,10201.0,100.0,,COMPLETE
